<?xml version="1.0" encoding="UTF-8"?>
<testng-results skipped="0" failed="5" total="7" passed="2">
  <reporter-output>
    <line>
      <![CDATA[pass##23/06/2015 16:08:44##Open new browser]]>
    </line>
    <line>
      <![CDATA[pass##23/06/2015 16:08:47##Set url https://emnos-test002.loyaltypartner.com]]>
    </line>
    <line>
      <![CDATA[info##23/06/2015 16:08:48##Step : 1 - Login into Portal]]>
    </line>
    <line>
      <![CDATA[pass##23/06/2015 16:08:48##Click on {login.signIn}]]>
    </line>
    <line>
      <![CDATA[test##23/06/2015 16:08:48##Looking for the page loading element]]>
    </line>
    <line>
      <![CDATA[test##23/06/2015 16:08:48##Page loaded.]]>
    </line>
    <line>
      <![CDATA[test##23/06/2015 16:08:49##Looking for the page loading element]]>
    </line>
    <line>
      <![CDATA[test##23/06/2015 16:08:50##Page loaded.]]>
    </line>
    <line>
      <![CDATA[pass##23/06/2015 16:08:50##Type value 'testauto'in {login.username}]]>
    </line>
    <line>
      <![CDATA[test##23/06/2015 16:08:50##Looking for the page loading element]]>
    </line>
    <line>
      <![CDATA[test##23/06/2015 16:08:51##Page loaded.]]>
    </line>
    <line>
      <![CDATA[test##23/06/2015 16:08:52##Looking for the page loading element]]>
    </line>
    <line>
      <![CDATA[test##23/06/2015 16:08:52##Page loaded.]]>
    </line>
    <line>
      <![CDATA[pass##23/06/2015 16:08:52##Click on {login.password}]]>
    </line>
    <line>
      <![CDATA[test##23/06/2015 16:08:52##Looking for the page loading element]]>
    </line>
    <line>
      <![CDATA[test##23/06/2015 16:08:52##Page loaded.]]>
    </line>
    <line>
      <![CDATA[test##23/06/2015 16:08:53##Looking for the page loading element]]>
    </line>
    <line>
      <![CDATA[test##23/06/2015 16:08:53##Page loaded.]]>
    </line>
    <line>
      <![CDATA[pass##23/06/2015 16:08:53##Type value 'emnos2015!'in {login.password}]]>
    </line>
    <line>
      <![CDATA[test##23/06/2015 16:08:54##Looking for the page loading element]]>
    </line>
    <line>
      <![CDATA[test##23/06/2015 16:08:54##Page loaded.]]>
    </line>
    <line>
      <![CDATA[test##23/06/2015 16:08:55##Looking for the page loading element]]>
    </line>
    <line>
      <![CDATA[test##23/06/2015 16:08:55##Page loaded.]]>
    </line>
    <line>
      <![CDATA[pass##23/06/2015 16:08:55##Click on {login.loginBtn}]]>
    </line>
    <line>
      <![CDATA[test##23/06/2015 16:08:55##Looking for the page loading element]]>
    </line>
    <line>
      <![CDATA[test##23/06/2015 16:08:55##Page loaded.]]>
    </line>
    <line>
      <![CDATA[test##23/06/2015 16:08:57##Looking for the page loading element]]>
    </line>
    <line>
      <![CDATA[test##23/06/2015 16:08:57##Page loaded.]]>
    </line>
    <line>
      <![CDATA[pass##23/06/2015 16:08:57##Verify {navigation.menu} is displayed.]]>
    </line>
    <line>
      <![CDATA[pass##23/06/2015 16:08:57##Verify {greyBar.settings} is displayed.]]>
    </line>
    <line>
      <![CDATA[info##23/06/2015 16:08:57##Step : 2 - Select retailer]]>
    </line>
    <line>
      <![CDATA[pass##23/06/2015 16:08:57##Expand list {mainPage.customers}]]>
    </line>
    <line>
      <![CDATA[test##23/06/2015 16:08:57##Looking for the page loading element]]>
    </line>
    <line>
      <![CDATA[test##23/06/2015 16:08:57##Page loaded.]]>
    </line>
    <line>
      <![CDATA[test##23/06/2015 16:08:58##Looking for the page loading element]]>
    </line>
    <line>
      <![CDATA[test##23/06/2015 16:08:58##Page loaded.]]>
    </line>
    <line>
      <![CDATA[pass##23/06/2015 16:08:58##Select retailerid=10 in list {mainPage.customers}]]>
    </line>
    <line>
      <![CDATA[test##23/06/2015 16:08:58##Looking for the page loading element]]>
    </line>
    <line>
      <![CDATA[test##23/06/2015 16:08:58##Page loaded.]]>
    </line>
    <line>
      <![CDATA[test##23/06/2015 16:08:58##Looking for the page loading element]]>
    </line>
    <line>
      <![CDATA[test##23/06/2015 16:08:58##Page loaded.]]>
    </line>
    <line>
      <![CDATA[info##23/06/2015 16:09:00##Step : Navigate to DataManagement]]>
    </line>
    <line>
      <![CDATA[pass##23/06/2015 16:09:00##Click on {navigation.dataManagement}]]>
    </line>
    <line>
      <![CDATA[test##23/06/2015 16:09:00##Looking for the page loading element]]>
    </line>
    <line>
      <![CDATA[test##23/06/2015 16:09:00##Page loaded.]]>
    </line>
    <line>
      <![CDATA[test##23/06/2015 16:09:02##Looking for the page loading element]]>
    </line>
    <line>
      <![CDATA[test##23/06/2015 16:09:02##Page loaded.]]>
    </line>
    <line>
      <![CDATA[pass##23/06/2015 16:09:02##Click on {navigation.dataManagement}]]>
    </line>
    <line>
      <![CDATA[test##23/06/2015 16:09:02##Looking for the page loading element]]>
    </line>
    <line>
      <![CDATA[test##23/06/2015 16:09:02##Page loaded.]]>
    </line>
    <line>
      <![CDATA[test##23/06/2015 16:09:03##Looking for the page loading element]]>
    </line>
    <line>
      <![CDATA[test##23/06/2015 16:09:03##Page loaded.]]>
    </line>
    <line>
      <![CDATA[info##23/06/2015 16:09:03##Step : Navigate to product]]>
    </line>
    <line>
      <![CDATA[pass##23/06/2015 16:09:03##Click on {navigation.dataManagement}]]>
    </line>
    <line>
      <![CDATA[test##23/06/2015 16:09:03##Looking for the page loading element]]>
    </line>
    <line>
      <![CDATA[test##23/06/2015 16:09:03##Page loaded.]]>
    </line>
    <line>
      <![CDATA[test##23/06/2015 16:09:04##Looking for the page loading element]]>
    </line>
    <line>
      <![CDATA[test##23/06/2015 16:09:04##Page loaded.]]>
    </line>
    <line>
      <![CDATA[pass##23/06/2015 16:09:04##Click on {navigation.dataManagement}]]>
    </line>
    <line>
      <![CDATA[test##23/06/2015 16:09:04##Looking for the page loading element]]>
    </line>
    <line>
      <![CDATA[test##23/06/2015 16:09:04##Page loaded.]]>
    </line>
    <line>
      <![CDATA[test##23/06/2015 16:09:05##Looking for the page loading element]]>
    </line>
    <line>
      <![CDATA[test##23/06/2015 16:09:05##Page loaded.]]>
    </line>
    <line>
      <![CDATA[pass##23/06/2015 16:09:05##Click on {dataManagement.product}]]>
    </line>
    <line>
      <![CDATA[test##23/06/2015 16:09:05##Looking for the page loading element]]>
    </line>
    <line>
      <![CDATA[test##23/06/2015 16:09:05##Page loaded.]]>
    </line>
    <line>
      <![CDATA[test##23/06/2015 16:09:06##Looking for the page loading element]]>
    </line>
    <line>
      <![CDATA[test##23/06/2015 16:09:06##Page loaded.]]>
    </line>
    <line>
      <![CDATA[info##23/06/2015 16:09:06##Step : 3 - Navigate to Attributes page from Data Management - PRODUCT/STORE/OFFER]]>
    </line>
    <line>
      <![CDATA[pass##23/06/2015 16:09:06##Click on {dataManagement.productStore.attributes}]]>
    </line>
    <line>
      <![CDATA[test##23/06/2015 16:09:06##Looking for the page loading element]]>
    </line>
    <line>
      <![CDATA[test##23/06/2015 16:09:06##Page loaded.]]>
    </line>
    <line>
      <![CDATA[test##23/06/2015 16:09:06##Looking for the page loading element]]>
    </line>
    <line>
      <![CDATA[test##23/06/2015 16:09:06##Page loaded.]]>
    </line>
    <line>
      <![CDATA[pass##23/06/2015 16:09:06##Verify {dataManagement.attributes.tree} is displayed.]]>
    </line>
    <line>
      <![CDATA[info##23/06/2015 16:09:06##Step : 4 - Verify buttons state from Attributes page - default]]>
    </line>
    <line>
      <![CDATA[pass##23/06/2015 16:09:06##Verify state for {dataManagement.attributes.edit} button]]>
    </line>
    <line>
      <![CDATA[pass##23/06/2015 16:09:07##Verify state for {dataManagement.attributes.delete} button]]>
    </line>
    <line>
      <![CDATA[pass##23/06/2015 16:09:07##Verify state for {dataManagement.attributes.add} button]]>
    </line>
    <line>
      <![CDATA[info##23/06/2015 16:09:07##Step : 5 - Select root node from Attributes tree]]>
    </line>
    <line>
      <![CDATA[pass##23/06/2015 16:09:07##Click on {node '' from tree {dataManagement.attributes.tree}}]]>
    </line>
    <line>
      <![CDATA[test##23/06/2015 16:09:07##Looking for the page loading element]]>
    </line>
    <line>
      <![CDATA[test##23/06/2015 16:09:07##Page loaded.]]>
    </line>
    <line>
      <![CDATA[test##23/06/2015 16:09:07##Looking for the page loading element]]>
    </line>
    <line>
      <![CDATA[test##23/06/2015 16:09:07##Page loaded.]]>
    </line>
    <line>
      <![CDATA[info##23/06/2015 16:09:08##Step : 6 - Verify buttons state from Attributes page - root node]]>
    </line>
    <line>
      <![CDATA[pass##23/06/2015 16:09:08##Verify state for {dataManagement.attributes.edit} button]]>
    </line>
    <line>
      <![CDATA[pass##23/06/2015 16:09:08##Verify state for {dataManagement.attributes.delete} button]]>
    </line>
    <line>
      <![CDATA[pass##23/06/2015 16:09:08##Verify state for {dataManagement.attributes.add} button]]>
    </line>
    <line>
      <![CDATA[info##23/06/2015 16:09:08##Step : 7 - Select organization node]]>
    </line>
    <line>
      <![CDATA[pass##23/06/2015 16:09:08##Click on {node 'emnos' from tree {dataManagement.attributes.tree}}]]>
    </line>
    <line>
      <![CDATA[test##23/06/2015 16:09:08##Looking for the page loading element]]>
    </line>
    <line>
      <![CDATA[test##23/06/2015 16:09:08##Page loaded.]]>
    </line>
    <line>
      <![CDATA[test##23/06/2015 16:09:09##Looking for the page loading element]]>
    </line>
    <line>
      <![CDATA[test##23/06/2015 16:09:09##Page loaded.]]>
    </line>
    <line>
      <![CDATA[info##23/06/2015 16:09:10##Step : 8 - Verify buttons state from Attributes page - organization]]>
    </line>
    <line>
      <![CDATA[pass##23/06/2015 16:09:10##Verify state for {dataManagement.attributes.edit} button]]>
    </line>
    <line>
      <![CDATA[pass##23/06/2015 16:09:10##Verify state for {dataManagement.attributes.delete} button]]>
    </line>
    <line>
      <![CDATA[pass##23/06/2015 16:09:10##Verify state for {dataManagement.attributes.add} button]]>
    </line>
    <line>
      <![CDATA[info##23/06/2015 16:09:10##Step : 9 - Expand organization tree]]>
    </line>
    <line>
      <![CDATA[pass##23/06/2015 16:09:10##Collapse node 'emnos' from tree {dataManagement.attributes.tree}]]>
    </line>
    <line>
      <![CDATA[pass##23/06/2015 16:09:10##Click on {collapse icon for node emnos}]]>
    </line>
    <line>
      <![CDATA[test##23/06/2015 16:09:10##Looking for the page loading element]]>
    </line>
    <line>
      <![CDATA[test##23/06/2015 16:09:10##Page loaded.]]>
    </line>
    <line>
      <![CDATA[test##23/06/2015 16:09:11##Looking for the page loading element]]>
    </line>
    <line>
      <![CDATA[test##23/06/2015 16:09:11##Page loaded.]]>
    </line>
    <line>
      <![CDATA[pass##23/06/2015 16:09:11##Expand node 'emnos' from tree {dataManagement.attributes.tree}]]>
    </line>
    <line>
      <![CDATA[pass##23/06/2015 16:09:11##Click on {expand icon for node emnos}]]>
    </line>
    <line>
      <![CDATA[test##23/06/2015 16:09:11##Looking for the page loading element]]>
    </line>
    <line>
      <![CDATA[test##23/06/2015 16:09:11##Page loaded.]]>
    </line>
    <line>
      <![CDATA[test##23/06/2015 16:09:11##Looking for the page loading element]]>
    </line>
    <line>
      <![CDATA[test##23/06/2015 16:09:11##Page loaded.]]>
    </line>
    <line>
      <![CDATA[info##23/06/2015 16:09:11##Step : 10 - Select first attribute greyed out]]>
    </line>
    <line>
      <![CDATA[pass##23/06/2015 16:09:12##Click on {node 'A0' from tree {dataManagement.attributes.tree}}]]>
    </line>
    <line>
      <![CDATA[test##23/06/2015 16:09:12##Looking for the page loading element]]>
    </line>
    <line>
      <![CDATA[test##23/06/2015 16:09:12##Page loaded.]]>
    </line>
    <line>
      <![CDATA[test##23/06/2015 16:09:13##Looking for the page loading element]]>
    </line>
    <line>
      <![CDATA[test##23/06/2015 16:09:13##Page loaded.]]>
    </line>
    <line>
      <![CDATA[info##23/06/2015 16:09:14##Step : 11 - Verify buttons state from Attributes page - greyed out attribute]]>
    </line>
    <line>
      <![CDATA[pass##23/06/2015 16:09:14##Verify state for {dataManagement.attributes.edit} button]]>
    </line>
    <line>
      <![CDATA[pass##23/06/2015 16:09:14##Verify state for {dataManagement.attributes.delete} button]]>
    </line>
    <line>
      <![CDATA[pass##23/06/2015 16:09:14##Verify state for {dataManagement.attributes.add} button]]>
    </line>
    <line>
      <![CDATA[info##23/06/2015 16:09:14##Step : 12 - Add Date attribute]]>
    </line>
    <line>
      <![CDATA[pass##23/06/2015 16:09:14##Click on {dataManagement.attributes.add}]]>
    </line>
    <line>
      <![CDATA[test##23/06/2015 16:09:14##Looking for the page loading element]]>
    </line>
    <line>
      <![CDATA[test##23/06/2015 16:09:14##Page loaded.]]>
    </line>
    <line>
      <![CDATA[test##23/06/2015 16:09:15##Looking for the page loading element]]>
    </line>
    <line>
      <![CDATA[test##23/06/2015 16:09:15##Page loaded.]]>
    </line>
    <line>
      <![CDATA[pass##23/06/2015 16:09:15##Select value'emnos' in {dataManagement.attributes.addAttribute.ownerOrganization}]]>
    </line>
    <line>
      <![CDATA[test##23/06/2015 16:09:15##Looking for the page loading element]]>
    </line>
    <line>
      <![CDATA[test##23/06/2015 16:09:15##Page loaded.]]>
    </line>
    <line>
      <![CDATA[test##23/06/2015 16:09:15##Looking for the page loading element]]>
    </line>
    <line>
      <![CDATA[test##23/06/2015 16:09:15##Page loaded.]]>
    </line>
    <line>
      <![CDATA[pass##23/06/2015 16:09:15##Type value 'AttributeDate23062015160844498'in {dataManagement.attributes.addAttribute.attributeName}]]>
    </line>
    <line>
      <![CDATA[test##23/06/2015 16:09:16##Looking for the page loading element]]>
    </line>
    <line>
      <![CDATA[test##23/06/2015 16:09:16##Page loaded.]]>
    </line>
    <line>
      <![CDATA[test##23/06/2015 16:09:16##Looking for the page loading element]]>
    </line>
    <line>
      <![CDATA[test##23/06/2015 16:09:16##Page loaded.]]>
    </line>
    <line>
      <![CDATA[pass##23/06/2015 16:09:16##Select value'date' in {dataManagement.attributes.addAttribute.attributeType}]]>
    </line>
    <line>
      <![CDATA[test##23/06/2015 16:09:16##Looking for the page loading element]]>
    </line>
    <line>
      <![CDATA[test##23/06/2015 16:09:16##Page loaded.]]>
    </line>
    <line>
      <![CDATA[test##23/06/2015 16:09:17##Looking for the page loading element]]>
    </line>
    <line>
      <![CDATA[test##23/06/2015 16:09:17##Page loaded.]]>
    </line>
    <line>
      <![CDATA[pass##23/06/2015 16:09:17##Select value'public' in {dataManagement.attributes.addAttribute.attributeVisibility}]]>
    </line>
    <line>
      <![CDATA[pass##23/06/2015 16:09:17##Check {dataManagement.attributes.addAttribute.useAsSearchCriteria}]]>
    </line>
    <line>
      <![CDATA[test##23/06/2015 16:09:17##Looking for the page loading element]]>
    </line>
    <line>
      <![CDATA[test##23/06/2015 16:09:17##Page loaded.]]>
    </line>
    <line>
      <![CDATA[test##23/06/2015 16:09:18##Looking for the page loading element]]>
    </line>
    <line>
      <![CDATA[test##23/06/2015 16:09:18##Page loaded.]]>
    </line>
    <line>
      <![CDATA[pass##23/06/2015 16:09:18##Check {dataManagement.attributes.addAttribute.useInSearchResult}]]>
    </line>
    <line>
      <![CDATA[test##23/06/2015 16:09:18##Looking for the page loading element]]>
    </line>
    <line>
      <![CDATA[test##23/06/2015 16:09:18##Page loaded.]]>
    </line>
    <line>
      <![CDATA[test##23/06/2015 16:09:18##Looking for the page loading element]]>
    </line>
    <line>
      <![CDATA[test##23/06/2015 16:09:18##Page loaded.]]>
    </line>
    <line>
      <![CDATA[pass##23/06/2015 16:09:18##Click on {dataManagement.attributes.addAttribute.ok}]]>
    </line>
    <line>
      <![CDATA[test##23/06/2015 16:09:18##Looking for the page loading element]]>
    </line>
    <line>
      <![CDATA[test##23/06/2015 16:09:18##Page loaded.]]>
    </line>
    <line>
      <![CDATA[test##23/06/2015 16:09:19##Looking for the page loading element]]>
    </line>
    <line>
      <![CDATA[test##23/06/2015 16:09:19##Page loaded.]]>
    </line>
    <line>
      <![CDATA[pass##23/06/2015 16:09:19##Verify node 'ATTRIBUTEDATE23062015160844498' is displayed under parent 'emnos' from tree {dataManagement.attributes.tree}]]>
    </line>
    <line>
      <![CDATA[pass##23/06/2015 16:09:19##Expand node 'emnos' from tree {dataManagement.attributes.tree}]]>
    </line>
    <line>
      <![CDATA[pass##23/06/2015 16:09:19##Click on {expand icon for node emnos}]]>
    </line>
    <line>
      <![CDATA[test##23/06/2015 16:09:19##Looking for the page loading element]]>
    </line>
    <line>
      <![CDATA[test##23/06/2015 16:09:19##Page loaded.]]>
    </line>
    <line>
      <![CDATA[test##23/06/2015 16:09:20##Looking for the page loading element]]>
    </line>
    <line>
      <![CDATA[test##23/06/2015 16:09:20##Page loaded.]]>
    </line>
    <line>
      <![CDATA[pass##23/06/2015 16:09:21##Click Next in pager {pager}]]>
    </line>
    <line>
      <![CDATA[test##23/06/2015 16:09:21##Looking for the page loading element]]>
    </line>
    <line>
      <![CDATA[test##23/06/2015 16:09:21##Page loaded.]]>
    </line>
    <line>
      <![CDATA[test##23/06/2015 16:09:22##Looking for the page loading element]]>
    </line>
    <line>
      <![CDATA[test##23/06/2015 16:09:22##Page loaded.]]>
    </line>
    <line>
      <![CDATA[pass##23/06/2015 16:09:23##Verify icon for node 'ATTRIBUTEDATE23062015160844498' is 'WriteAttribute' in tree {dataManagement.attributes.tree}]]>
    </line>
    <line>
      <![CDATA[info##23/06/2015 16:09:23##Step : 13, 14 - Expand organization tree and select attribute]]>
    </line>
    <line>
      <![CDATA[pass##23/06/2015 16:09:23##Click on {node 'ATTRIBUTEDATE23062015160844498' from tree {dataManagement.attributes.tree}}]]>
    </line>
    <line>
      <![CDATA[test##23/06/2015 16:09:23##Looking for the page loading element]]>
    </line>
    <line>
      <![CDATA[test##23/06/2015 16:09:23##Page loaded.]]>
    </line>
    <line>
      <![CDATA[test##23/06/2015 16:09:24##Looking for the page loading element]]>
    </line>
    <line>
      <![CDATA[test##23/06/2015 16:09:24##Page loaded.]]>
    </line>
    <line>
      <![CDATA[info##23/06/2015 16:09:25##Step : 15 - Verify buttons state from Attributes page - user attribute]]>
    </line>
    <line>
      <![CDATA[pass##23/06/2015 16:09:25##Verify state for {dataManagement.attributes.edit} button]]>
    </line>
    <line>
      <![CDATA[pass##23/06/2015 16:09:25##Verify state for {dataManagement.attributes.delete} button]]>
    </line>
    <line>
      <![CDATA[pass##23/06/2015 16:09:25##Verify state for {dataManagement.attributes.add} button]]>
    </line>
    <line>
      <![CDATA[info##23/06/2015 16:09:25##Step : 16 - Deselect attribute]]>
    </line>
    <line>
      <![CDATA[pass##23/06/2015 16:09:25##Click on {node 'ATTRIBUTEDATE23062015160844498' from tree {dataManagement.attributes.tree}}]]>
    </line>
    <line>
      <![CDATA[test##23/06/2015 16:09:25##Looking for the page loading element]]>
    </line>
    <line>
      <![CDATA[test##23/06/2015 16:09:25##Page loaded.]]>
    </line>
    <line>
      <![CDATA[test##23/06/2015 16:09:26##Looking for the page loading element]]>
    </line>
    <line>
      <![CDATA[test##23/06/2015 16:09:26##Page loaded.]]>
    </line>
    <line>
      <![CDATA[info##23/06/2015 16:09:27##Step : 17 - Verify buttons state from Attributes page - default]]>
    </line>
    <line>
      <![CDATA[pass##23/06/2015 16:09:27##Verify state for {dataManagement.attributes.edit} button]]>
    </line>
    <line>
      <![CDATA[pass##23/06/2015 16:09:27##Verify state for {dataManagement.attributes.delete} button]]>
    </line>
    <line>
      <![CDATA[pass##23/06/2015 16:09:27##Verify state for {dataManagement.attributes.add} button]]>
    </line>
    <line>
      <![CDATA[info##23/06/2015 16:09:27##Step : Navigate to product]]>
    </line>
    <line>
      <![CDATA[pass##23/06/2015 16:09:27##Click on {navigation.dataManagement}]]>
    </line>
    <line>
      <![CDATA[test##23/06/2015 16:09:27##Looking for the page loading element]]>
    </line>
    <line>
      <![CDATA[test##23/06/2015 16:09:27##Page loaded.]]>
    </line>
    <line>
      <![CDATA[test##23/06/2015 16:09:28##Looking for the page loading element]]>
    </line>
    <line>
      <![CDATA[test##23/06/2015 16:09:28##Page loaded.]]>
    </line>
    <line>
      <![CDATA[pass##23/06/2015 16:09:28##Click on {navigation.dataManagement}]]>
    </line>
    <line>
      <![CDATA[test##23/06/2015 16:09:28##Looking for the page loading element]]>
    </line>
    <line>
      <![CDATA[test##23/06/2015 16:09:28##Page loaded.]]>
    </line>
    <line>
      <![CDATA[test##23/06/2015 16:09:29##Looking for the page loading element]]>
    </line>
    <line>
      <![CDATA[test##23/06/2015 16:09:29##Page loaded.]]>
    </line>
    <line>
      <![CDATA[pass##23/06/2015 16:09:29##Click on {dataManagement.product}]]>
    </line>
    <line>
      <![CDATA[test##23/06/2015 16:09:29##Looking for the page loading element]]>
    </line>
    <line>
      <![CDATA[test##23/06/2015 16:09:29##Page loaded.]]>
    </line>
    <line>
      <![CDATA[test##23/06/2015 16:09:29##Looking for the page loading element]]>
    </line>
    <line>
      <![CDATA[test##23/06/2015 16:09:29##Page loaded.]]>
    </line>
    <line>
      <![CDATA[info##23/06/2015 16:09:30##Step : 27 - Navigate to Attributes page from Data Management - PRODUCT/STORE/OFFER]]>
    </line>
    <line>
      <![CDATA[pass##23/06/2015 16:09:30##Click on {dataManagement.productStore.attributes}]]>
    </line>
    <line>
      <![CDATA[test##23/06/2015 16:09:30##Looking for the page loading element]]>
    </line>
    <line>
      <![CDATA[test##23/06/2015 16:09:30##Page loaded.]]>
    </line>
    <line>
      <![CDATA[test##23/06/2015 16:09:30##Looking for the page loading element]]>
    </line>
    <line>
      <![CDATA[test##23/06/2015 16:09:30##Page loaded.]]>
    </line>
    <line>
      <![CDATA[pass##23/06/2015 16:09:30##Verify {dataManagement.attributes.tree} is displayed.]]>
    </line>
    <line>
      <![CDATA[info##23/06/2015 16:09:30##Step : 28 - Add Text Attribute]]>
    </line>
    <line>
      <![CDATA[pass##23/06/2015 16:09:30##Click on {dataManagement.attributes.add}]]>
    </line>
    <line>
      <![CDATA[test##23/06/2015 16:09:30##Looking for the page loading element]]>
    </line>
    <line>
      <![CDATA[test##23/06/2015 16:09:30##Page loaded.]]>
    </line>
    <line>
      <![CDATA[test##23/06/2015 16:09:31##Looking for the page loading element]]>
    </line>
    <line>
      <![CDATA[test##23/06/2015 16:09:31##Page loaded.]]>
    </line>
    <line>
      <![CDATA[pass##23/06/2015 16:09:31##Select value'emnos' in {dataManagement.attributes.addAttribute.ownerOrganization}]]>
    </line>
    <line>
      <![CDATA[test##23/06/2015 16:09:31##Looking for the page loading element]]>
    </line>
    <line>
      <![CDATA[test##23/06/2015 16:09:31##Page loaded.]]>
    </line>
    <line>
      <![CDATA[test##23/06/2015 16:09:31##Looking for the page loading element]]>
    </line>
    <line>
      <![CDATA[test##23/06/2015 16:09:31##Page loaded.]]>
    </line>
    <line>
      <![CDATA[pass##23/06/2015 16:09:31##Type value 'AttributeText23062015160844497'in {dataManagement.attributes.addAttribute.attributeName}]]>
    </line>
    <line>
      <![CDATA[test##23/06/2015 16:09:32##Looking for the page loading element]]>
    </line>
    <line>
      <![CDATA[test##23/06/2015 16:09:32##Page loaded.]]>
    </line>
    <line>
      <![CDATA[test##23/06/2015 16:09:32##Looking for the page loading element]]>
    </line>
    <line>
      <![CDATA[test##23/06/2015 16:09:32##Page loaded.]]>
    </line>
    <line>
      <![CDATA[pass##23/06/2015 16:09:32##Select value'text' in {dataManagement.attributes.addAttribute.attributeType}]]>
    </line>
    <line>
      <![CDATA[pass##23/06/2015 16:09:33##Select value'public' in {dataManagement.attributes.addAttribute.attributeVisibility}]]>
    </line>
    <line>
      <![CDATA[pass##23/06/2015 16:09:33##Check {dataManagement.attributes.addAttribute.useAsSearchCriteria}]]>
    </line>
    <line>
      <![CDATA[test##23/06/2015 16:09:33##Looking for the page loading element]]>
    </line>
    <line>
      <![CDATA[test##23/06/2015 16:09:33##Page loaded.]]>
    </line>
    <line>
      <![CDATA[test##23/06/2015 16:09:33##Looking for the page loading element]]>
    </line>
    <line>
      <![CDATA[test##23/06/2015 16:09:33##Page loaded.]]>
    </line>
    <line>
      <![CDATA[pass##23/06/2015 16:09:33##Check {dataManagement.attributes.addAttribute.useInSearchResult}]]>
    </line>
    <line>
      <![CDATA[test##23/06/2015 16:09:33##Looking for the page loading element]]>
    </line>
    <line>
      <![CDATA[test##23/06/2015 16:09:33##Page loaded.]]>
    </line>
    <line>
      <![CDATA[test##23/06/2015 16:09:34##Looking for the page loading element]]>
    </line>
    <line>
      <![CDATA[test##23/06/2015 16:09:34##Page loaded.]]>
    </line>
    <line>
      <![CDATA[pass##23/06/2015 16:09:34##Click on {dataManagement.attributes.addAttribute.ok}]]>
    </line>
    <line>
      <![CDATA[test##23/06/2015 16:09:34##Looking for the page loading element]]>
    </line>
    <line>
      <![CDATA[test##23/06/2015 16:09:34##Page loaded.]]>
    </line>
    <line>
      <![CDATA[test##23/06/2015 16:09:34##Looking for the page loading element]]>
    </line>
    <line>
      <![CDATA[test##23/06/2015 16:09:34##Page loaded.]]>
    </line>
    <line>
      <![CDATA[pass##23/06/2015 16:09:34##Verify node 'ATTRIBUTETEXT23062015160844497' is displayed under parent 'emnos' from tree {dataManagement.attributes.tree}]]>
    </line>
    <line>
      <![CDATA[pass##23/06/2015 16:09:34##Expand node 'emnos' from tree {dataManagement.attributes.tree}]]>
    </line>
    <line>
      <![CDATA[pass##23/06/2015 16:09:35##Click on {expand icon for node emnos}]]>
    </line>
    <line>
      <![CDATA[test##23/06/2015 16:09:35##Looking for the page loading element]]>
    </line>
    <line>
      <![CDATA[test##23/06/2015 16:09:35##Page loaded.]]>
    </line>
    <line>
      <![CDATA[test##23/06/2015 16:09:35##Looking for the page loading element]]>
    </line>
    <line>
      <![CDATA[test##23/06/2015 16:09:35##Page loaded.]]>
    </line>
    <line>
      <![CDATA[pass##23/06/2015 16:09:37##Click Next in pager {pager}]]>
    </line>
    <line>
      <![CDATA[test##23/06/2015 16:09:37##Looking for the page loading element]]>
    </line>
    <line>
      <![CDATA[test##23/06/2015 16:09:37##Page loaded.]]>
    </line>
    <line>
      <![CDATA[test##23/06/2015 16:09:37##Looking for the page loading element]]>
    </line>
    <line>
      <![CDATA[test##23/06/2015 16:09:37##Page loaded.]]>
    </line>
    <line>
      <![CDATA[pass##23/06/2015 16:09:38##Click Next in pager {pager}]]>
    </line>
    <line>
      <![CDATA[test##23/06/2015 16:09:38##Looking for the page loading element]]>
    </line>
    <line>
      <![CDATA[test##23/06/2015 16:09:38##Page loaded.]]>
    </line>
    <line>
      <![CDATA[test##23/06/2015 16:09:39##Looking for the page loading element]]>
    </line>
    <line>
      <![CDATA[test##23/06/2015 16:09:39##Page loaded.]]>
    </line>
    <line>
      <![CDATA[pass##23/06/2015 16:09:40##Click Next in pager {pager}]]>
    </line>
    <line>
      <![CDATA[test##23/06/2015 16:09:40##Looking for the page loading element]]>
    </line>
    <line>
      <![CDATA[test##23/06/2015 16:09:40##Page loaded.]]>
    </line>
    <line>
      <![CDATA[test##23/06/2015 16:09:40##Looking for the page loading element]]>
    </line>
    <line>
      <![CDATA[test##23/06/2015 16:09:40##Page loaded.]]>
    </line>
    <line>
      <![CDATA[pass##23/06/2015 16:09:41##Click Next in pager {pager}]]>
    </line>
    <line>
      <![CDATA[test##23/06/2015 16:09:41##Looking for the page loading element]]>
    </line>
    <line>
      <![CDATA[test##23/06/2015 16:09:41##Page loaded.]]>
    </line>
    <line>
      <![CDATA[test##23/06/2015 16:09:42##Looking for the page loading element]]>
    </line>
    <line>
      <![CDATA[test##23/06/2015 16:09:42##Page loaded.]]>
    </line>
    <line>
      <![CDATA[pass##23/06/2015 16:09:43##Click Next in pager {pager}]]>
    </line>
    <line>
      <![CDATA[test##23/06/2015 16:09:43##Looking for the page loading element]]>
    </line>
    <line>
      <![CDATA[test##23/06/2015 16:09:43##Page loaded.]]>
    </line>
    <line>
      <![CDATA[test##23/06/2015 16:09:43##Looking for the page loading element]]>
    </line>
    <line>
      <![CDATA[test##23/06/2015 16:09:43##Page loaded.]]>
    </line>
    <line>
      <![CDATA[pass##23/06/2015 16:09:44##Click Next in pager {pager}]]>
    </line>
    <line>
      <![CDATA[test##23/06/2015 16:09:44##Looking for the page loading element]]>
    </line>
    <line>
      <![CDATA[test##23/06/2015 16:09:44##Page loaded.]]>
    </line>
    <line>
      <![CDATA[test##23/06/2015 16:09:45##Looking for the page loading element]]>
    </line>
    <line>
      <![CDATA[test##23/06/2015 16:09:45##Page loaded.]]>
    </line>
    <line>
      <![CDATA[pass##23/06/2015 16:09:46##Verify icon for node 'ATTRIBUTETEXT23062015160844497' is 'WriteAttribute' in tree {dataManagement.attributes.tree}]]>
    </line>
    <line>
      <![CDATA[info##23/06/2015 16:09:46##Step : 29 - Add Integer Atttribute]]>
    </line>
    <line>
      <![CDATA[pass##23/06/2015 16:09:46##Click on {dataManagement.attributes.add}]]>
    </line>
    <line>
      <![CDATA[test##23/06/2015 16:09:46##Looking for the page loading element]]>
    </line>
    <line>
      <![CDATA[test##23/06/2015 16:09:46##Page loaded.]]>
    </line>
    <line>
      <![CDATA[test##23/06/2015 16:09:46##Looking for the page loading element]]>
    </line>
    <line>
      <![CDATA[test##23/06/2015 16:09:46##Page loaded.]]>
    </line>
    <line>
      <![CDATA[pass##23/06/2015 16:09:46##Select value'emnos' in {dataManagement.attributes.addAttribute.ownerOrganization}]]>
    </line>
    <line>
      <![CDATA[test##23/06/2015 16:09:47##Looking for the page loading element]]>
    </line>
    <line>
      <![CDATA[test##23/06/2015 16:09:47##Page loaded.]]>
    </line>
    <line>
      <![CDATA[test##23/06/2015 16:09:47##Looking for the page loading element]]>
    </line>
    <line>
      <![CDATA[test##23/06/2015 16:09:47##Page loaded.]]>
    </line>
    <line>
      <![CDATA[pass##23/06/2015 16:09:47##Type value 'AttributeInteger23062015160844498'in {dataManagement.attributes.addAttribute.attributeName}]]>
    </line>
    <line>
      <![CDATA[test##23/06/2015 16:09:48##Looking for the page loading element]]>
    </line>
    <line>
      <![CDATA[test##23/06/2015 16:09:48##Page loaded.]]>
    </line>
    <line>
      <![CDATA[test##23/06/2015 16:09:48##Looking for the page loading element]]>
    </line>
    <line>
      <![CDATA[test##23/06/2015 16:09:48##Page loaded.]]>
    </line>
    <line>
      <![CDATA[pass##23/06/2015 16:09:48##Select value'integer' in {dataManagement.attributes.addAttribute.attributeType}]]>
    </line>
    <line>
      <![CDATA[test##23/06/2015 16:09:48##Looking for the page loading element]]>
    </line>
    <line>
      <![CDATA[test##23/06/2015 16:09:48##Page loaded.]]>
    </line>
    <line>
      <![CDATA[test##23/06/2015 16:09:49##Looking for the page loading element]]>
    </line>
    <line>
      <![CDATA[test##23/06/2015 16:09:49##Page loaded.]]>
    </line>
    <line>
      <![CDATA[pass##23/06/2015 16:09:49##Select value'public' in {dataManagement.attributes.addAttribute.attributeVisibility}]]>
    </line>
    <line>
      <![CDATA[pass##23/06/2015 16:09:49##Check {dataManagement.attributes.addAttribute.useAsSearchCriteria}]]>
    </line>
    <line>
      <![CDATA[test##23/06/2015 16:09:49##Looking for the page loading element]]>
    </line>
    <line>
      <![CDATA[test##23/06/2015 16:09:49##Page loaded.]]>
    </line>
    <line>
      <![CDATA[test##23/06/2015 16:09:49##Looking for the page loading element]]>
    </line>
    <line>
      <![CDATA[test##23/06/2015 16:09:50##Page loaded.]]>
    </line>
    <line>
      <![CDATA[pass##23/06/2015 16:09:50##Check {dataManagement.attributes.addAttribute.useInSearchResult}]]>
    </line>
    <line>
      <![CDATA[test##23/06/2015 16:09:50##Looking for the page loading element]]>
    </line>
    <line>
      <![CDATA[test##23/06/2015 16:09:50##Page loaded.]]>
    </line>
    <line>
      <![CDATA[test##23/06/2015 16:09:50##Looking for the page loading element]]>
    </line>
    <line>
      <![CDATA[test##23/06/2015 16:09:50##Page loaded.]]>
    </line>
    <line>
      <![CDATA[pass##23/06/2015 16:09:50##Click on {dataManagement.attributes.addAttribute.ok}]]>
    </line>
    <line>
      <![CDATA[test##23/06/2015 16:09:50##Looking for the page loading element]]>
    </line>
    <line>
      <![CDATA[test##23/06/2015 16:09:50##Page loaded.]]>
    </line>
    <line>
      <![CDATA[test##23/06/2015 16:09:51##Looking for the page loading element]]>
    </line>
    <line>
      <![CDATA[test##23/06/2015 16:09:51##Page loaded.]]>
    </line>
    <line>
      <![CDATA[pass##23/06/2015 16:09:51##Verify node 'ATTRIBUTEINTEGER23062015160844498' is displayed under parent 'emnos' from tree {dataManagement.attributes.tree}]]>
    </line>
    <line>
      <![CDATA[pass##23/06/2015 16:09:51##Expand node 'emnos' from tree {dataManagement.attributes.tree}]]>
    </line>
    <line>
      <![CDATA[pass##23/06/2015 16:09:51##Click on {expand icon for node emnos}]]>
    </line>
    <line>
      <![CDATA[test##23/06/2015 16:09:51##Looking for the page loading element]]>
    </line>
    <line>
      <![CDATA[test##23/06/2015 16:09:51##Page loaded.]]>
    </line>
    <line>
      <![CDATA[test##23/06/2015 16:09:51##Looking for the page loading element]]>
    </line>
    <line>
      <![CDATA[test##23/06/2015 16:09:51##Page loaded.]]>
    </line>
    <line>
      <![CDATA[pass##23/06/2015 16:09:53##Click Next in pager {pager}]]>
    </line>
    <line>
      <![CDATA[test##23/06/2015 16:09:53##Looking for the page loading element]]>
    </line>
    <line>
      <![CDATA[test##23/06/2015 16:09:53##Page loaded.]]>
    </line>
    <line>
      <![CDATA[test##23/06/2015 16:09:54##Looking for the page loading element]]>
    </line>
    <line>
      <![CDATA[test##23/06/2015 16:09:54##Page loaded.]]>
    </line>
    <line>
      <![CDATA[pass##23/06/2015 16:09:54##Click Next in pager {pager}]]>
    </line>
    <line>
      <![CDATA[test##23/06/2015 16:09:54##Looking for the page loading element]]>
    </line>
    <line>
      <![CDATA[test##23/06/2015 16:09:54##Page loaded.]]>
    </line>
    <line>
      <![CDATA[test##23/06/2015 16:09:55##Looking for the page loading element]]>
    </line>
    <line>
      <![CDATA[test##23/06/2015 16:09:55##Page loaded.]]>
    </line>
    <line>
      <![CDATA[pass##23/06/2015 16:09:56##Click Next in pager {pager}]]>
    </line>
    <line>
      <![CDATA[test##23/06/2015 16:09:56##Looking for the page loading element]]>
    </line>
    <line>
      <![CDATA[test##23/06/2015 16:09:56##Page loaded.]]>
    </line>
    <line>
      <![CDATA[test##23/06/2015 16:09:57##Looking for the page loading element]]>
    </line>
    <line>
      <![CDATA[test##23/06/2015 16:09:57##Page loaded.]]>
    </line>
    <line>
      <![CDATA[pass##23/06/2015 16:09:57##Verify icon for node 'ATTRIBUTEINTEGER23062015160844498' is 'WriteAttribute' in tree {dataManagement.attributes.tree}]]>
    </line>
    <line>
      <![CDATA[info##23/06/2015 16:09:58##Step : 30 - Click on tab HIERARCHIES]]>
    </line>
    <line>
      <![CDATA[pass##23/06/2015 16:09:58##Click on {navigation.dataManagement}]]>
    </line>
    <line>
      <![CDATA[test##23/06/2015 16:09:58##Looking for the page loading element]]>
    </line>
    <line>
      <![CDATA[test##23/06/2015 16:09:58##Page loaded.]]>
    </line>
    <line>
      <![CDATA[test##23/06/2015 16:09:59##Looking for the page loading element]]>
    </line>
    <line>
      <![CDATA[test##23/06/2015 16:09:59##Page loaded.]]>
    </line>
    <line>
      <![CDATA[pass##23/06/2015 16:09:59##Click on {navigation.dataManagement}]]>
    </line>
    <line>
      <![CDATA[test##23/06/2015 16:09:59##Looking for the page loading element]]>
    </line>
    <line>
      <![CDATA[test##23/06/2015 16:09:59##Page loaded.]]>
    </line>
    <line>
      <![CDATA[test##23/06/2015 16:10:00##Looking for the page loading element]]>
    </line>
    <line>
      <![CDATA[test##23/06/2015 16:10:00##Page loaded.]]>
    </line>
    <line>
      <![CDATA[pass##23/06/2015 16:10:00##Click on {dataManagement.product}]]>
    </line>
    <line>
      <![CDATA[test##23/06/2015 16:10:00##Looking for the page loading element]]>
    </line>
    <line>
      <![CDATA[test##23/06/2015 16:10:00##Page loaded.]]>
    </line>
    <line>
      <![CDATA[test##23/06/2015 16:10:00##Looking for the page loading element]]>
    </line>
    <line>
      <![CDATA[test##23/06/2015 16:10:00##Page loaded.]]>
    </line>
    <line>
      <![CDATA[pass##23/06/2015 16:10:00##Click on {dataManagement.productStore.hierarchies}]]>
    </line>
    <line>
      <![CDATA[test##23/06/2015 16:10:00##Looking for the page loading element]]>
    </line>
    <line>
      <![CDATA[test##23/06/2015 16:10:01##Page loaded.]]>
    </line>
    <line>
      <![CDATA[test##23/06/2015 16:10:01##Looking for the page loading element]]>
    </line>
    <line>
      <![CDATA[test##23/06/2015 16:10:01##Page loaded.]]>
    </line>
    <line>
      <![CDATA[pass##23/06/2015 16:10:01##Verify {dataManagement.hierarchies.tree} is displayed.]]>
    </line>
    <line>
      <![CDATA[info##23/06/2015 16:10:01##Step : 31 - Get members to be imported from DB]]>
    </line>
    <line>
      <![CDATA[info##23/06/2015 16:10:02##Step : 32 - Add a static Group]]>
    </line>
    <line>
      <![CDATA[pass##23/06/2015 16:10:02##Click on {dataManagement.hierarchies.addGroup}]]>
    </line>
    <line>
      <![CDATA[test##23/06/2015 16:10:02##Looking for the page loading element]]>
    </line>
    <line>
      <![CDATA[test##23/06/2015 16:10:02##Page loaded.]]>
    </line>
    <line>
      <![CDATA[test##23/06/2015 16:10:02##Looking for the page loading element]]>
    </line>
    <line>
      <![CDATA[test##23/06/2015 16:10:02##Page loaded.]]>
    </line>
    <line>
      <![CDATA[pass##23/06/2015 16:10:02##Verify {dataManagement.hierarchies.editGroup.groupName} is displayed.]]>
    </line>
    <line>
      <![CDATA[pass##23/06/2015 16:10:02##Verify value 'New Folder' in {dataManagement.hierarchies.editGroup.groupName}]]>
    </line>
    <line>
      <![CDATA[pass##23/06/2015 16:10:02##Verify attribute 'value' for {dataManagement.hierarchies.editGroup.groupName} is New Folder]]>
    </line>
    <line>
      <![CDATA[pass##23/06/2015 16:10:02##Clear value from {dataManagement.hierarchies.editGroup.groupName}]]>
    </line>
    <line>
      <![CDATA[test##23/06/2015 16:10:03##Looking for the page loading element]]>
    </line>
    <line>
      <![CDATA[test##23/06/2015 16:10:03##Page loaded.]]>
    </line>
    <line>
      <![CDATA[pass##23/06/2015 16:10:03##Type value 'GroupTest23062015160844497?'in {dataManagement.hierarchies.editGroup.groupName}]]>
    </line>
    <line>
      <![CDATA[test##23/06/2015 16:10:03##Looking for the page loading element]]>
    </line>
    <line>
      <![CDATA[test##23/06/2015 16:10:03##Page loaded.]]>
    </line>
    <line>
      <![CDATA[test##23/06/2015 16:10:04##Looking for the page loading element]]>
    </line>
    <line>
      <![CDATA[test##23/06/2015 16:10:04##Page loaded.]]>
    </line>
    <line>
      <![CDATA[pass##23/06/2015 16:10:04##Verify value 'GroupTest23062015160844497' in {dataManagement.hierarchies.editGroup.groupName}]]>
    </line>
    <line>
      <![CDATA[pass##23/06/2015 16:10:04##Verify attribute 'value' for {dataManagement.hierarchies.editGroup.groupName} is GroupTest23062015160844497]]>
    </line>
    <line>
      <![CDATA[info##23/06/2015 16:10:04##Step : 33 - Import members list]]>
    </line>
    <line>
      <![CDATA[pass##23/06/2015 16:10:04##Click on {node 'GroupTest23062015160844497' from tree {dataManagement.hierarchies.editGroup.rightTree}}]]>
    </line>
    <line>
      <![CDATA[test##23/06/2015 16:10:04##Looking for the page loading element]]>
    </line>
    <line>
      <![CDATA[test##23/06/2015 16:10:04##Page loaded.]]>
    </line>
    <line>
      <![CDATA[test##23/06/2015 16:10:05##Looking for the page loading element]]>
    </line>
    <line>
      <![CDATA[test##23/06/2015 16:10:05##Page loaded.]]>
    </line>
    <line>
      <![CDATA[pass##23/06/2015 16:10:06##Click on {dataManagement.hierarchies.editGroup.importList}]]>
    </line>
    <line>
      <![CDATA[test##23/06/2015 16:10:06##Looking for the page loading element]]>
    </line>
    <line>
      <![CDATA[test##23/06/2015 16:10:06##Page loaded.]]>
    </line>
    <line>
      <![CDATA[test##23/06/2015 16:10:06##Looking for the page loading element]]>
    </line>
    <line>
      <![CDATA[test##23/06/2015 16:10:06##Page loaded.]]>
    </line>
    <line>
      <![CDATA[pass##23/06/2015 16:10:06##Type value '?V?'in {dataManagement.hierarchies.importMemberList.importList}]]>
    </line>
    <line>
      <![CDATA[test##23/06/2015 16:10:07##Looking for the page loading element]]>
    </line>
    <line>
      <![CDATA[test##23/06/2015 16:10:07##Page loaded.]]>
    </line>
    <line>
      <![CDATA[test##23/06/2015 16:10:07##Looking for the page loading element]]>
    </line>
    <line>
      <![CDATA[test##23/06/2015 16:10:08##Page loaded.]]>
    </line>
    <line>
      <![CDATA[pass##23/06/2015 16:10:08##Click on {dataManagement.hierarchies.importMemberList.next}]]>
    </line>
    <line>
      <![CDATA[test##23/06/2015 16:10:08##Looking for the page loading element]]>
    </line>
    <line>
      <![CDATA[test##23/06/2015 16:10:08##Page loaded.]]>
    </line>
    <line>
      <![CDATA[test##23/06/2015 16:10:08##Looking for the page loading element]]>
    </line>
    <line>
      <![CDATA[test##23/06/2015 16:10:08##Page loaded.]]>
    </line>
    <line>
      <![CDATA[pass##23/06/2015 16:10:08##Verify text for {dataManagement.hierarchies.importMemberList.enteredMembersMessage} is '15 items are valid members and will be imported.'.]]>
    </line>
    <line>
      <![CDATA[pass##23/06/2015 16:10:08##Verify text for {dataManagement.hierarchies.importMemberList.invalidMessage} is 'The following 0 items are invalid:'.]]>
    </line>
    <line>
      <![CDATA[pass##23/06/2015 16:10:08##Click on {dataManagement.hierarchies.importMemberList.import}]]>
    </line>
    <line>
      <![CDATA[test##23/06/2015 16:10:09##Looking for the page loading element]]>
    </line>
    <line>
      <![CDATA[test##23/06/2015 16:10:09##Page loaded.]]>
    </line>
    <line>
      <![CDATA[test##23/06/2015 16:10:09##Looking for the page loading element]]>
    </line>
    <line>
      <![CDATA[test##23/06/2015 16:10:09##Page loaded.]]>
    </line>
    <line>
      <![CDATA[pass##23/06/2015 16:10:09##Verify text for {dataManagement.hierarchies.importMemberList.validImportMessage} is '15 valid member keys imported.'.]]>
    </line>
    <line>
      <![CDATA[pass##23/06/2015 16:10:09##Click on {dataManagement.hierarchies.importMemberList.ok}]]>
    </line>
    <line>
      <![CDATA[test##23/06/2015 16:10:09##Looking for the page loading element]]>
    </line>
    <line>
      <![CDATA[test##23/06/2015 16:10:09##Page loaded.]]>
    </line>
    <line>
      <![CDATA[test##23/06/2015 16:10:10##Looking for the page loading element]]>
    </line>
    <line>
      <![CDATA[test##23/06/2015 16:10:10##Page loaded.]]>
    </line>
    <line>
      <![CDATA[pass##23/06/2015 16:10:10##Verify all children nodes under parent GroupTest23062015160844497 are 0202853 - INCONNU,0207024 - GOUDA FRUITE,3011250115021 - 200G ESCALOPE POULET BACON,3017760596596 - 3X75G CHIPSTER SALE OS,3024720026543 - 400G RILLETTE POULET ROTI,3059942031600 - 8 SACH.ACTIVAT.COULEUR.BLANCO,3083680484510 - 300G TABOULE POULET BONDUELLE,3154141342103 - ETUI MINES 2MMX10,3166291458405 - 35G MOULIN STEAK DUCROS,3270192591120 - MDD CARREFOUR 100G 500 F,3276557384178 - PAIN COMPLET NUTRITION,3436804100566 - 6X75 CHABLIS BLC DOM.PREHY 03,4015962404489 - GRIS ORAGEUX EYT 150ML,8076809501415 - 500G MEZZE PENNE TRICOLORI,8722700779353 - 0,75L SPE DESHY POTIRON/CHATAI in tree {dataManagement.hierarchies.editGroup.rightTree}]]>
    </line>
    <line>
      <![CDATA[pass##23/06/2015 16:10:10##Expand node 'GroupTest23062015160844497' from tree {dataManagement.hierarchies.editGroup.rightTree}]]>
    </line>
    <line>
      <![CDATA[info##23/06/2015 16:10:11##Step : 34 - Verify imported members in list]]>
    </line>
    <line>
      <![CDATA[pass##23/06/2015 16:10:11##Verify all children nodes under parent GroupTest23062015160844497 are 0202853 - INCONNU,0207024 - GOUDA FRUITE,3011250115021 - 200G ESCALOPE POULET BACON,3017760596596 - 3X75G CHIPSTER SALE OS,3024720026543 - 400G RILLETTE POULET ROTI,3059942031600 - 8 SACH.ACTIVAT.COULEUR.BLANCO,3083680484510 - 300G TABOULE POULET BONDUELLE,3154141342103 - ETUI MINES 2MMX10,3166291458405 - 35G MOULIN STEAK DUCROS,3270192591120 - MDD CARREFOUR 100G 500 F,3276557384178 - PAIN COMPLET NUTRITION,3436804100566 - 6X75 CHABLIS BLC DOM.PREHY 03,4015962404489 - GRIS ORAGEUX EYT 150ML,8076809501415 - 500G MEZZE PENNE TRICOLORI,8722700779353 - 0,75L SPE DESHY POTIRON/CHATAI in tree {dataManagement.hierarchies.editGroup.rightTree}]]>
    </line>
    <line>
      <![CDATA[pass##23/06/2015 16:10:11##Expand node 'GroupTest23062015160844497' from tree {dataManagement.hierarchies.editGroup.rightTree}]]>
    </line>
    <line>
      <![CDATA[info##23/06/2015 16:10:12##Step : 32 - Click on button CLOSE and verify that the group created exists in Hierarchies list]]>
    </line>
    <line>
      <![CDATA[pass##23/06/2015 16:10:12##Click on {dataManagement.hierarchies.editGroup.close}]]>
    </line>
    <line>
      <![CDATA[test##23/06/2015 16:10:12##Looking for the page loading element]]>
    </line>
    <line>
      <![CDATA[test##23/06/2015 16:10:12##Page loaded.]]>
    </line>
    <line>
      <![CDATA[test##23/06/2015 16:10:12##Looking for the page loading element]]>
    </line>
    <line>
      <![CDATA[test##23/06/2015 16:10:13##Page loaded.]]>
    </line>
    <line>
      <![CDATA[pass##23/06/2015 16:10:13##Navigate to last page in tree {dataManagement.hierarchies.tree}]]>
    </line>
    <line>
      <![CDATA[pass##23/06/2015 16:10:13##Verify node 'GroupTest23062015160844497' is displayed under tree {dataManagement.hierarchies.tree}]]>
    </line>
    <line>
      <![CDATA[info##23/06/2015 16:10:13##Step : 36 - Create import file]]>
    </line>
    <line>
      <![CDATA[pass##23/06/2015 16:10:13##Create file C:\Users\ccefalan\AppData\Local\Temp\643ba82e-9a42-4d14-b27e-90e360a8d76f\ImportFileproduct23062015160844794.csv to be used for Import Attribute values]]>
    </line>
    <line>
      <![CDATA[info##23/06/2015 16:10:13##Step : 37 - Import attribute values]]>
    </line>
    <line>
      <![CDATA[pass##23/06/2015 16:10:13##Import attribute values using file: C:\Users\ccefalan\AppData\Local\Temp\643ba82e-9a42-4d14-b27e-90e360a8d76f\ImportFileproduct23062015160844794.csv]]>
    </line>
    <line>
      <![CDATA[pass##23/06/2015 16:10:13##Click on {dataManagement.hierarchies.importAttribute}]]>
    </line>
    <line>
      <![CDATA[test##23/06/2015 16:10:13##Looking for the page loading element]]>
    </line>
    <line>
      <![CDATA[test##23/06/2015 16:10:13##Page loaded.]]>
    </line>
    <line>
      <![CDATA[test##23/06/2015 16:10:14##Looking for the page loading element]]>
    </line>
    <line>
      <![CDATA[test##23/06/2015 16:10:14##Page loaded.]]>
    </line>
    <line>
      <![CDATA[pass##23/06/2015 16:10:14##Select value'emnos' in {dataManagement.hierarchies.importAttribute.organization}]]>
    </line>
    <line>
      <![CDATA[pass##23/06/2015 16:10:14##Append value 'C:\Users\ccefalan\AppData\Local\Temp\643ba82e-9a42-4d14-b27e-90e360a8d76f\ImportFileproduct23062015160844794.csv' in {dataManagement.hierarchies.importAttribute.selectedFile}]]>
    </line>
    <line>
      <![CDATA[test##23/06/2015 16:10:14##Looking for the page loading element]]>
    </line>
    <line>
      <![CDATA[test##23/06/2015 16:10:14##Page loaded.]]>
    </line>
    <line>
      <![CDATA[pass##23/06/2015 16:10:14##Select value';' in {dataManagement.hierarchies.importAttribute.selectFieldSeparator}]]>
    </line>
    <line>
      <![CDATA[pass##23/06/2015 16:10:14##Click on {dataManagement.hierarchies.importAttribute.next}]]>
    </line>
    <line>
      <![CDATA[test##23/06/2015 16:10:14##Looking for the page loading element]]>
    </line>
    <line>
      <![CDATA[test##23/06/2015 16:10:14##Page loaded.]]>
    </line>
    <line>
      <![CDATA[test##23/06/2015 16:10:15##Looking for the page loading element]]>
    </line>
    <line>
      <![CDATA[test##23/06/2015 16:10:15##Page loaded.]]>
    </line>
    <line>
      <![CDATA[pass##23/06/2015 16:10:15##Verify text for {dataManagement.hierarchies.importAttribute.validRecords} is '15 valid records'.]]>
    </line>
    <line>
      <![CDATA[pass##23/06/2015 16:10:15##Verify text for {dataManagement.hierarchies.importAttribute.invalidNumberOfFields} is '0 records with invalid number of fields'.]]>
    </line>
    <line>
      <![CDATA[pass##23/06/2015 16:10:15##Verify text for {dataManagement.hierarchies.importAttribute.invalidMemberkeyRecords} is '0 records with invalid member key'.]]>
    </line>
    <line>
      <![CDATA[pass##23/06/2015 16:10:15##Click on {dataManagement.hierarchies.importAttribute.importButton}]]>
    </line>
    <line>
      <![CDATA[test##23/06/2015 16:10:15##Looking for the page loading element]]>
    </line>
    <line>
      <![CDATA[test##23/06/2015 16:10:15##Page loaded.]]>
    </line>
    <line>
      <![CDATA[test##23/06/2015 16:10:16##Looking for the page loading element]]>
    </line>
    <line>
      <![CDATA[test##23/06/2015 16:10:16##Page loaded.]]>
    </line>
    <line>
      <![CDATA[pass##23/06/2015 16:10:16##Click on {dataManagement.hierarchies.importAttribute.ok}]]>
    </line>
    <line>
      <![CDATA[test##23/06/2015 16:10:16##Looking for the page loading element]]>
    </line>
    <line>
      <![CDATA[test##23/06/2015 16:10:16##Page loaded.]]>
    </line>
    <line>
      <![CDATA[test##23/06/2015 16:10:16##Looking for the page loading element]]>
    </line>
    <line>
      <![CDATA[test##23/06/2015 16:10:16##Page loaded.]]>
    </line>
    <line>
      <![CDATA[info##23/06/2015 16:10:16##Waiting to finish the import of attribute values...]]>
    </line>
    <line>
      <![CDATA[info##23/06/2015 16:10:17##Waiting to finish the import of attribute values...]]>
    </line>
    <line>
      <![CDATA[info##23/06/2015 16:10:17##Waiting to finish the import of attribute values...]]>
    </line>
    <line>
      <![CDATA[info##23/06/2015 16:10:17##Waiting to finish the import of attribute values...]]>
    </line>
    <line>
      <![CDATA[info##23/06/2015 16:10:17##Waiting to finish the import of attribute values...]]>
    </line>
    <line>
      <![CDATA[info##23/06/2015 16:10:18##Waiting to finish the import of attribute values...]]>
    </line>
    <line>
      <![CDATA[info##23/06/2015 16:10:18##Waiting to finish the import of attribute values...]]>
    </line>
    <line>
      <![CDATA[info##23/06/2015 16:10:18##Waiting to finish the import of attribute values...]]>
    </line>
    <line>
      <![CDATA[info##23/06/2015 16:10:19##Waiting to finish the import of attribute values...]]>
    </line>
    <line>
      <![CDATA[info##23/06/2015 16:10:19##Waiting to finish the import of attribute values...]]>
    </line>
    <line>
      <![CDATA[info##23/06/2015 16:10:19##Waiting to finish the import of attribute values...]]>
    </line>
    <line>
      <![CDATA[info##23/06/2015 16:10:19##Waiting to finish the import of attribute values...]]>
    </line>
    <line>
      <![CDATA[info##23/06/2015 16:10:20##Waiting to finish the import of attribute values...]]>
    </line>
    <line>
      <![CDATA[info##23/06/2015 16:10:20##Waiting to finish the import of attribute values...]]>
    </line>
    <line>
      <![CDATA[info##23/06/2015 16:10:20##Waiting to finish the import of attribute values...]]>
    </line>
    <line>
      <![CDATA[info##23/06/2015 16:10:20##Waiting to finish the import of attribute values...]]>
    </line>
    <line>
      <![CDATA[info##23/06/2015 16:10:21##Waiting to finish the import of attribute values...]]>
    </line>
    <line>
      <![CDATA[info##23/06/2015 16:10:21##Waiting to finish the import of attribute values...]]>
    </line>
    <line>
      <![CDATA[info##23/06/2015 16:10:21##Waiting to finish the import of attribute values...]]>
    </line>
    <line>
      <![CDATA[info##23/06/2015 16:10:22##Waiting to finish the import of attribute values...]]>
    </line>
    <line>
      <![CDATA[info##23/06/2015 16:10:22##Waiting to finish the import of attribute values...]]>
    </line>
    <line>
      <![CDATA[info##23/06/2015 16:10:22##Waiting to finish the import of attribute values...]]>
    </line>
    <line>
      <![CDATA[info##23/06/2015 16:10:25##Waiting to finish the import of attribute values...]]>
    </line>
    <line>
      <![CDATA[info##23/06/2015 16:10:26##Waiting to finish the import of attribute values...]]>
    </line>
    <line>
      <![CDATA[info##23/06/2015 16:10:26##Waiting to finish the import of attribute values...]]>
    </line>
    <line>
      <![CDATA[info##23/06/2015 16:10:26##Waiting to finish the import of attribute values...]]>
    </line>
    <line>
      <![CDATA[info##23/06/2015 16:10:26##Waiting to finish the import of attribute values...]]>
    </line>
    <line>
      <![CDATA[info##23/06/2015 16:10:27##Waiting to finish the import of attribute values...]]>
    </line>
    <line>
      <![CDATA[info##23/06/2015 16:10:27##Waiting to finish the import of attribute values...]]>
    </line>
    <line>
      <![CDATA[info##23/06/2015 16:10:27##Waiting to finish the import of attribute values...]]>
    </line>
    <line>
      <![CDATA[info##23/06/2015 16:10:28##Waiting to finish the import of attribute values...]]>
    </line>
    <line>
      <![CDATA[info##23/06/2015 16:10:28##Waiting to finish the import of attribute values...]]>
    </line>
    <line>
      <![CDATA[info##23/06/2015 16:10:28##Waiting to finish the import of attribute values...]]>
    </line>
    <line>
      <![CDATA[info##23/06/2015 16:10:28##Waiting to finish the import of attribute values...]]>
    </line>
    <line>
      <![CDATA[info##23/06/2015 16:10:29##Waiting to finish the import of attribute values...]]>
    </line>
    <line>
      <![CDATA[info##23/06/2015 16:10:29##Waiting to finish the import of attribute values...]]>
    </line>
    <line>
      <![CDATA[info##23/06/2015 16:10:29##Waiting to finish the import of attribute values...]]>
    </line>
    <line>
      <![CDATA[info##23/06/2015 16:10:30##Waiting to finish the import of attribute values...]]>
    </line>
    <line>
      <![CDATA[info##23/06/2015 16:10:30##Waiting to finish the import of attribute values...]]>
    </line>
    <line>
      <![CDATA[info##23/06/2015 16:10:30##Waiting to finish the import of attribute values...]]>
    </line>
    <line>
      <![CDATA[info##23/06/2015 16:10:31##Waiting to finish the import of attribute values...]]>
    </line>
    <line>
      <![CDATA[info##23/06/2015 16:10:31##Waiting to finish the import of attribute values...]]>
    </line>
    <line>
      <![CDATA[info##23/06/2015 16:10:31##Waiting to finish the import of attribute values...]]>
    </line>
    <line>
      <![CDATA[info##23/06/2015 16:10:31##Waiting to finish the import of attribute values...]]>
    </line>
    <line>
      <![CDATA[info##23/06/2015 16:10:32##Waiting to finish the import of attribute values...]]>
    </line>
    <line>
      <![CDATA[info##23/06/2015 16:10:32##Waiting to finish the import of attribute values...]]>
    </line>
    <line>
      <![CDATA[info##23/06/2015 16:10:32##Waiting to finish the import of attribute values...]]>
    </line>
    <line>
      <![CDATA[info##23/06/2015 16:10:33##Waiting to finish the import of attribute values...]]>
    </line>
    <line>
      <![CDATA[info##23/06/2015 16:10:33##Waiting to finish the import of attribute values...]]>
    </line>
    <line>
      <![CDATA[info##23/06/2015 16:10:33##Waiting to finish the import of attribute values...]]>
    </line>
    <line>
      <![CDATA[info##23/06/2015 16:10:34##Waiting to finish the import of attribute values...]]>
    </line>
    <line>
      <![CDATA[info##23/06/2015 16:10:34##Waiting to finish the import of attribute values...]]>
    </line>
    <line>
      <![CDATA[info##23/06/2015 16:10:34##Waiting to finish the import of attribute values...]]>
    </line>
    <line>
      <![CDATA[info##23/06/2015 16:10:34##Waiting to finish the import of attribute values...]]>
    </line>
    <line>
      <![CDATA[info##23/06/2015 16:10:35##Waiting to finish the import of attribute values...]]>
    </line>
    <line>
      <![CDATA[info##23/06/2015 16:10:35##Waiting to finish the import of attribute values...]]>
    </line>
    <line>
      <![CDATA[info##23/06/2015 16:10:35##Waiting to finish the import of attribute values...]]>
    </line>
    <line>
      <![CDATA[info##23/06/2015 16:10:36##Waiting to finish the import of attribute values...]]>
    </line>
    <line>
      <![CDATA[info##23/06/2015 16:10:36##Waiting to finish the import of attribute values...]]>
    </line>
    <line>
      <![CDATA[info##23/06/2015 16:10:36##Waiting to finish the import of attribute values...]]>
    </line>
    <line>
      <![CDATA[info##23/06/2015 16:10:36##Waiting to finish the import of attribute values...]]>
    </line>
    <line>
      <![CDATA[info##23/06/2015 16:10:37##Waiting to finish the import of attribute values...]]>
    </line>
    <line>
      <![CDATA[info##23/06/2015 16:10:37##Waiting to finish the import of attribute values...]]>
    </line>
    <line>
      <![CDATA[info##23/06/2015 16:10:37##Waiting to finish the import of attribute values...]]>
    </line>
    <line>
      <![CDATA[info##23/06/2015 16:10:38##Waiting to finish the import of attribute values...]]>
    </line>
    <line>
      <![CDATA[info##23/06/2015 16:10:38##Waiting to finish the import of attribute values...]]>
    </line>
    <line>
      <![CDATA[info##23/06/2015 16:10:38##Waiting to finish the import of attribute values...]]>
    </line>
    <line>
      <![CDATA[info##23/06/2015 16:10:38##Waiting to finish the import of attribute values...]]>
    </line>
    <line>
      <![CDATA[info##23/06/2015 16:10:39##Waiting to finish the import of attribute values...]]>
    </line>
    <line>
      <![CDATA[info##23/06/2015 16:10:39##Waiting to finish the import of attribute values...]]>
    </line>
    <line>
      <![CDATA[info##23/06/2015 16:10:39##Waiting to finish the import of attribute values...]]>
    </line>
    <line>
      <![CDATA[info##23/06/2015 16:10:39##Waiting to finish the import of attribute values...]]>
    </line>
    <line>
      <![CDATA[info##23/06/2015 16:10:40##Waiting to finish the import of attribute values...]]>
    </line>
    <line>
      <![CDATA[info##23/06/2015 16:10:40##Waiting to finish the import of attribute values...]]>
    </line>
    <line>
      <![CDATA[info##23/06/2015 16:10:41##Waiting to finish the import of attribute values...]]>
    </line>
    <line>
      <![CDATA[info##23/06/2015 16:10:41##Waiting to finish the import of attribute values...]]>
    </line>
    <line>
      <![CDATA[info##23/06/2015 16:10:41##Waiting to finish the import of attribute values...]]>
    </line>
    <line>
      <![CDATA[info##23/06/2015 16:10:41##Waiting to finish the import of attribute values...]]>
    </line>
    <line>
      <![CDATA[info##23/06/2015 16:10:42##Waiting to finish the import of attribute values...]]>
    </line>
    <line>
      <![CDATA[info##23/06/2015 16:10:42##Waiting to finish the import of attribute values...]]>
    </line>
    <line>
      <![CDATA[info##23/06/2015 16:10:42##Waiting to finish the import of attribute values...]]>
    </line>
    <line>
      <![CDATA[info##23/06/2015 16:10:43##Waiting to finish the import of attribute values...]]>
    </line>
    <line>
      <![CDATA[info##23/06/2015 16:10:43##Waiting to finish the import of attribute values...]]>
    </line>
    <line>
      <![CDATA[info##23/06/2015 16:10:43##Waiting to finish the import of attribute values...]]>
    </line>
    <line>
      <![CDATA[info##23/06/2015 16:10:43##Waiting to finish the import of attribute values...]]>
    </line>
    <line>
      <![CDATA[info##23/06/2015 16:10:44##Waiting to finish the import of attribute values...]]>
    </line>
    <line>
      <![CDATA[info##23/06/2015 16:10:44##Waiting to finish the import of attribute values...]]>
    </line>
    <line>
      <![CDATA[info##23/06/2015 16:10:44##Waiting to finish the import of attribute values...]]>
    </line>
    <line>
      <![CDATA[info##23/06/2015 16:10:44##Waiting to finish the import of attribute values...]]>
    </line>
    <line>
      <![CDATA[info##23/06/2015 16:10:45##Waiting to finish the import of attribute values...]]>
    </line>
    <line>
      <![CDATA[info##23/06/2015 16:10:45##Waiting to finish the import of attribute values...]]>
    </line>
    <line>
      <![CDATA[info##23/06/2015 16:10:45##Waiting to finish the import of attribute values...]]>
    </line>
    <line>
      <![CDATA[info##23/06/2015 16:10:46##Waiting to finish the import of attribute values...]]>
    </line>
    <line>
      <![CDATA[info##23/06/2015 16:10:46##Waiting to finish the import of attribute values...]]>
    </line>
    <line>
      <![CDATA[info##23/06/2015 16:10:46##Waiting to finish the import of attribute values...]]>
    </line>
    <line>
      <![CDATA[info##23/06/2015 16:10:46##Waiting to finish the import of attribute values...]]>
    </line>
    <line>
      <![CDATA[info##23/06/2015 16:10:47##Waiting to finish the import of attribute values...]]>
    </line>
    <line>
      <![CDATA[info##23/06/2015 16:10:47##Waiting to finish the import of attribute values...]]>
    </line>
    <line>
      <![CDATA[info##23/06/2015 16:10:47##Waiting to finish the import of attribute values...]]>
    </line>
    <line>
      <![CDATA[info##23/06/2015 16:10:47##Waiting to finish the import of attribute values...]]>
    </line>
    <line>
      <![CDATA[info##23/06/2015 16:10:48##Waiting to finish the import of attribute values...]]>
    </line>
    <line>
      <![CDATA[info##23/06/2015 16:10:48##Waiting to finish the import of attribute values...]]>
    </line>
    <line>
      <![CDATA[info##23/06/2015 16:10:48##Waiting to finish the import of attribute values...]]>
    </line>
    <line>
      <![CDATA[info##23/06/2015 16:10:49##Waiting to finish the import of attribute values...]]>
    </line>
    <line>
      <![CDATA[info##23/06/2015 16:10:49##Waiting to finish the import of attribute values...]]>
    </line>
    <line>
      <![CDATA[info##23/06/2015 16:10:49##Waiting to finish the import of attribute values...]]>
    </line>
    <line>
      <![CDATA[info##23/06/2015 16:10:49##Waiting to finish the import of attribute values...]]>
    </line>
    <line>
      <![CDATA[info##23/06/2015 16:10:50##Waiting to finish the import of attribute values...]]>
    </line>
    <line>
      <![CDATA[info##23/06/2015 16:10:50##Waiting to finish the import of attribute values...]]>
    </line>
    <line>
      <![CDATA[info##23/06/2015 16:10:50##Waiting to finish the import of attribute values...]]>
    </line>
    <line>
      <![CDATA[info##23/06/2015 16:10:51##Waiting to finish the import of attribute values...]]>
    </line>
    <line>
      <![CDATA[info##23/06/2015 16:10:51##Waiting to finish the import of attribute values...]]>
    </line>
    <line>
      <![CDATA[info##23/06/2015 16:10:51##Waiting to finish the import of attribute values...]]>
    </line>
    <line>
      <![CDATA[info##23/06/2015 16:10:51##Waiting to finish the import of attribute values...]]>
    </line>
    <line>
      <![CDATA[info##23/06/2015 16:10:52##Waiting to finish the import of attribute values...]]>
    </line>
    <line>
      <![CDATA[info##23/06/2015 16:10:52##Waiting to finish the import of attribute values...]]>
    </line>
    <line>
      <![CDATA[info##23/06/2015 16:10:52##Waiting to finish the import of attribute values...]]>
    </line>
    <line>
      <![CDATA[info##23/06/2015 16:10:53##Waiting to finish the import of attribute values...]]>
    </line>
    <line>
      <![CDATA[info##23/06/2015 16:10:53##Waiting to finish the import of attribute values...]]>
    </line>
    <line>
      <![CDATA[info##23/06/2015 16:10:53##Waiting to finish the import of attribute values...]]>
    </line>
    <line>
      <![CDATA[info##23/06/2015 16:10:53##Waiting to finish the import of attribute values...]]>
    </line>
    <line>
      <![CDATA[info##23/06/2015 16:10:54##Waiting to finish the import of attribute values...]]>
    </line>
    <line>
      <![CDATA[info##23/06/2015 16:10:54##Waiting to finish the import of attribute values...]]>
    </line>
    <line>
      <![CDATA[info##23/06/2015 16:10:54##Waiting to finish the import of attribute values...]]>
    </line>
    <line>
      <![CDATA[info##23/06/2015 16:10:55##Waiting to finish the import of attribute values...]]>
    </line>
    <line>
      <![CDATA[info##23/06/2015 16:10:55##Waiting to finish the import of attribute values...]]>
    </line>
    <line>
      <![CDATA[info##23/06/2015 16:10:55##Waiting to finish the import of attribute values...]]>
    </line>
    <line>
      <![CDATA[info##23/06/2015 16:10:55##Waiting to finish the import of attribute values...]]>
    </line>
    <line>
      <![CDATA[info##23/06/2015 16:10:56##Waiting to finish the import of attribute values...]]>
    </line>
    <line>
      <![CDATA[info##23/06/2015 16:10:56##Waiting to finish the import of attribute values...]]>
    </line>
    <line>
      <![CDATA[info##23/06/2015 16:10:56##Waiting to finish the import of attribute values...]]>
    </line>
    <line>
      <![CDATA[info##23/06/2015 16:10:57##Waiting to finish the import of attribute values...]]>
    </line>
    <line>
      <![CDATA[info##23/06/2015 16:10:57##Waiting to finish the import of attribute values...]]>
    </line>
    <line>
      <![CDATA[info##23/06/2015 16:10:57##Waiting to finish the import of attribute values...]]>
    </line>
    <line>
      <![CDATA[info##23/06/2015 16:10:57##Waiting to finish the import of attribute values...]]>
    </line>
    <line>
      <![CDATA[info##23/06/2015 16:10:58##Waiting to finish the import of attribute values...]]>
    </line>
    <line>
      <![CDATA[info##23/06/2015 16:10:58##Waiting to finish the import of attribute values...]]>
    </line>
    <line>
      <![CDATA[info##23/06/2015 16:10:58##Waiting to finish the import of attribute values...]]>
    </line>
    <line>
      <![CDATA[info##23/06/2015 16:10:58##Waiting to finish the import of attribute values...]]>
    </line>
    <line>
      <![CDATA[info##23/06/2015 16:10:59##Waiting to finish the import of attribute values...]]>
    </line>
    <line>
      <![CDATA[info##23/06/2015 16:10:59##Waiting to finish the import of attribute values...]]>
    </line>
    <line>
      <![CDATA[info##23/06/2015 16:10:59##Waiting to finish the import of attribute values...]]>
    </line>
    <line>
      <![CDATA[info##23/06/2015 16:11:00##Waiting to finish the import of attribute values...]]>
    </line>
    <line>
      <![CDATA[info##23/06/2015 16:11:00##Waiting to finish the import of attribute values...]]>
    </line>
    <line>
      <![CDATA[info##23/06/2015 16:11:00##Waiting to finish the import of attribute values...]]>
    </line>
    <line>
      <![CDATA[info##23/06/2015 16:11:00##Waiting to finish the import of attribute values...]]>
    </line>
    <line>
      <![CDATA[info##23/06/2015 16:11:01##Waiting to finish the import of attribute values...]]>
    </line>
    <line>
      <![CDATA[info##23/06/2015 16:11:01##Waiting to finish the import of attribute values...]]>
    </line>
    <line>
      <![CDATA[info##23/06/2015 16:11:01##Waiting to finish the import of attribute values...]]>
    </line>
    <line>
      <![CDATA[info##23/06/2015 16:11:01##Waiting to finish the import of attribute values...]]>
    </line>
    <line>
      <![CDATA[info##23/06/2015 16:11:02##Waiting to finish the import of attribute values...]]>
    </line>
    <line>
      <![CDATA[info##23/06/2015 16:11:02##Waiting to finish the import of attribute values...]]>
    </line>
    <line>
      <![CDATA[info##23/06/2015 16:11:02##Waiting to finish the import of attribute values...]]>
    </line>
    <line>
      <![CDATA[info##23/06/2015 16:11:03##Waiting to finish the import of attribute values...]]>
    </line>
    <line>
      <![CDATA[info##23/06/2015 16:11:03##Waiting to finish the import of attribute values...]]>
    </line>
    <line>
      <![CDATA[info##23/06/2015 16:11:03##Waiting to finish the import of attribute values...]]>
    </line>
    <line>
      <![CDATA[info##23/06/2015 16:11:04##Waiting to finish the import of attribute values...]]>
    </line>
    <line>
      <![CDATA[info##23/06/2015 16:11:04##Waiting to finish the import of attribute values...]]>
    </line>
    <line>
      <![CDATA[info##23/06/2015 16:11:04##Waiting to finish the import of attribute values...]]>
    </line>
    <line>
      <![CDATA[info##23/06/2015 16:11:04##Waiting to finish the import of attribute values...]]>
    </line>
    <line>
      <![CDATA[info##23/06/2015 16:11:05##Waiting to finish the import of attribute values...]]>
    </line>
    <line>
      <![CDATA[info##23/06/2015 16:11:05##Waiting to finish the import of attribute values...]]>
    </line>
    <line>
      <![CDATA[info##23/06/2015 16:11:05##Waiting to finish the import of attribute values...]]>
    </line>
    <line>
      <![CDATA[info##23/06/2015 16:11:05##Waiting to finish the import of attribute values...]]>
    </line>
    <line>
      <![CDATA[info##23/06/2015 16:11:06##Waiting to finish the import of attribute values...]]>
    </line>
    <line>
      <![CDATA[info##23/06/2015 16:11:06##Waiting to finish the import of attribute values...]]>
    </line>
    <line>
      <![CDATA[info##23/06/2015 16:11:06##Waiting to finish the import of attribute values...]]>
    </line>
    <line>
      <![CDATA[info##23/06/2015 16:11:07##Waiting to finish the import of attribute values...]]>
    </line>
    <line>
      <![CDATA[info##23/06/2015 16:11:07##Waiting to finish the import of attribute values...]]>
    </line>
    <line>
      <![CDATA[info##23/06/2015 16:11:07##Waiting to finish the import of attribute values...]]>
    </line>
    <line>
      <![CDATA[info##23/06/2015 16:11:07##Waiting to finish the import of attribute values...]]>
    </line>
    <line>
      <![CDATA[info##23/06/2015 16:11:08##Waiting to finish the import of attribute values...]]>
    </line>
    <line>
      <![CDATA[info##23/06/2015 16:11:08##Waiting to finish the import of attribute values...]]>
    </line>
    <line>
      <![CDATA[info##23/06/2015 16:11:08##Waiting to finish the import of attribute values...]]>
    </line>
    <line>
      <![CDATA[info##23/06/2015 16:11:08##Waiting to finish the import of attribute values...]]>
    </line>
    <line>
      <![CDATA[info##23/06/2015 16:11:09##Waiting to finish the import of attribute values...]]>
    </line>
    <line>
      <![CDATA[info##23/06/2015 16:11:09##Waiting to finish the import of attribute values...]]>
    </line>
    <line>
      <![CDATA[info##23/06/2015 16:11:09##Waiting to finish the import of attribute values...]]>
    </line>
    <line>
      <![CDATA[info##23/06/2015 16:11:10##Waiting to finish the import of attribute values...]]>
    </line>
    <line>
      <![CDATA[info##23/06/2015 16:11:10##Waiting to finish the import of attribute values...]]>
    </line>
    <line>
      <![CDATA[info##23/06/2015 16:11:10##Waiting to finish the import of attribute values...]]>
    </line>
    <line>
      <![CDATA[info##23/06/2015 16:11:10##Waiting to finish the import of attribute values...]]>
    </line>
    <line>
      <![CDATA[info##23/06/2015 16:11:11##Waiting to finish the import of attribute values...]]>
    </line>
    <line>
      <![CDATA[info##23/06/2015 16:11:11##Waiting to finish the import of attribute values...]]>
    </line>
    <line>
      <![CDATA[info##23/06/2015 16:11:11##Waiting to finish the import of attribute values...]]>
    </line>
    <line>
      <![CDATA[info##23/06/2015 16:11:12##Waiting to finish the import of attribute values...]]>
    </line>
    <line>
      <![CDATA[info##23/06/2015 16:11:12##Waiting to finish the import of attribute values...]]>
    </line>
    <line>
      <![CDATA[info##23/06/2015 16:11:12##Waiting to finish the import of attribute values...]]>
    </line>
    <line>
      <![CDATA[info##23/06/2015 16:11:12##Waiting to finish the import of attribute values...]]>
    </line>
    <line>
      <![CDATA[info##23/06/2015 16:11:13##Waiting to finish the import of attribute values...]]>
    </line>
    <line>
      <![CDATA[info##23/06/2015 16:11:13##Waiting to finish the import of attribute values...]]>
    </line>
    <line>
      <![CDATA[info##23/06/2015 16:11:13##Waiting to finish the import of attribute values...]]>
    </line>
    <line>
      <![CDATA[info##23/06/2015 16:11:13##Waiting to finish the import of attribute values...]]>
    </line>
    <line>
      <![CDATA[info##23/06/2015 16:11:14##Waiting to finish the import of attribute values...]]>
    </line>
    <line>
      <![CDATA[info##23/06/2015 16:11:14##Waiting to finish the import of attribute values...]]>
    </line>
    <line>
      <![CDATA[info##23/06/2015 16:11:14##Waiting to finish the import of attribute values...]]>
    </line>
    <line>
      <![CDATA[info##23/06/2015 16:11:15##Waiting to finish the import of attribute values...]]>
    </line>
    <line>
      <![CDATA[info##23/06/2015 16:11:15##Waiting to finish the import of attribute values...]]>
    </line>
    <line>
      <![CDATA[info##23/06/2015 16:11:15##Waiting to finish the import of attribute values...]]>
    </line>
    <line>
      <![CDATA[info##23/06/2015 16:11:15##Waiting to finish the import of attribute values...]]>
    </line>
    <line>
      <![CDATA[info##23/06/2015 16:11:16##Step : 38 - Verify the import of attribute values]]>
    </line>
    <line>
      <![CDATA[pass##23/06/2015 16:11:16##Verify that attribute values from file C:\Users\ccefalan\AppData\Local\Temp\643ba82e-9a42-4d14-b27e-90e360a8d76f\ImportFileproduct23062015160844794.csv was successfully saved in the database]]>
    </line>
    <line>
      <![CDATA[error##23/06/2015 16:11:16##Index: 0, Size: 0]]>
    </line>
    <line>
      <![CDATA[error##23/06/2015 16:11:16##Failed : junit.framework.AssertionFailedError: Index: 0, Size: 0
at junit.framework.Assert.fail(Assert.java:50)
at com.emnos.utils.Assertion.fail(Assertion.java:25)
at com.emnos.pages.dataManagement.productStoreOffer.hierarchies.HierarchiesPage.createCsvFileForAttributesDbValues(HierarchiesPage.java:701)
at com.emnos.pages.dataManagement.productStoreOffer.hierarchies.HierarchiesPage.verifyImportForAttributes(HierarchiesPage.java:575)
at com.emnos.portalTests.dataManagement.template.workflows.MIG_18649_WF_DMT_Attributes.test_verifyImportAttributesValues(MIG_18649_WF_DMT_Attributes.java:254)
at sun.reflect.NativeMethodAccessorImpl.invoke0(Native Method)
at sun.reflect.NativeMethodAccessorImpl.invoke(Unknown Source)
at sun.reflect.DelegatingMethodAccessorImpl.invoke(Unknown Source)
at java.lang.reflect.Method.invoke(Unknown Source)
at org.testng.internal.MethodInvocationHelper.invokeMethod(MethodInvocationHelper.java:84)
at org.testng.internal.Invoker.invokeMethod(Invoker.java:714)
at org.testng.internal.Invoker.invokeTestMethod(Invoker.java:901)
at org.testng.internal.Invoker.invokeTestMethods(Invoker.java:1231)
at org.testng.internal.TestMethodWorker.invokeTestMethods(TestMethodWorker.java:127)
at org.testng.internal.TestMethodWorker.run(TestMethodWorker.java:111)
at org.testng.TestRunner.privateRun(TestRunner.java:767)
at org.testng.TestRunner.run(TestRunner.java:617)
at org.testng.SuiteRunner.runTest(SuiteRunner.java:334)
at org.testng.SuiteRunner.runSequentially(SuiteRunner.java:329)
at org.testng.SuiteRunner.privateRun(SuiteRunner.java:291)
at org.testng.SuiteRunner.run(SuiteRunner.java:240)
at org.testng.SuiteRunnerWorker.runSuite(SuiteRunnerWorker.java:52)
at org.testng.SuiteRunnerWorker.run(SuiteRunnerWorker.java:86)
at org.testng.TestNG.runSuitesSequentially(TestNG.java:1224)
at org.testng.TestNG.runSuitesLocally(TestNG.java:1149)
at org.testng.TestNG.run(TestNG.java:1057)
at org.testng.remote.RemoteTestNG.run(RemoteTestNG.java:111)
at org.testng.remote.RemoteTestNG.initAndRun(RemoteTestNG.java:204)
at org.testng.remote.RemoteTestNG.main(RemoteTestNG.java:175)
]]>
    </line>
    <line>
      <![CDATA[info##23/06/2015 16:11:16##Taking screenshot...]]>
    </line>
    <line>
      <![CDATA[screenshot##23/06/2015 16:11:16##screenshots\screenshot3475349903317042327.png]]>
    </line>
    <line>
      <![CDATA[error##23/06/2015 16:11:16##Failed : junit.framework.AssertionFailedError: Index: 0, Size: 0
at junit.framework.Assert.fail(Assert.java:50)
at com.emnos.utils.Assertion.fail(Assertion.java:25)
at com.emnos.pages.dataManagement.productStoreOffer.hierarchies.HierarchiesPage.createCsvFileForAttributesDbValues(HierarchiesPage.java:701)
at com.emnos.pages.dataManagement.productStoreOffer.hierarchies.HierarchiesPage.verifyImportForAttributes(HierarchiesPage.java:575)
at com.emnos.portalTests.dataManagement.template.workflows.MIG_18649_WF_DMT_Attributes.test_verifyImportAttributesValues(MIG_18649_WF_DMT_Attributes.java:254)
at sun.reflect.NativeMethodAccessorImpl.invoke0(Native Method)
at sun.reflect.NativeMethodAccessorImpl.invoke(Unknown Source)
at sun.reflect.DelegatingMethodAccessorImpl.invoke(Unknown Source)
at java.lang.reflect.Method.invoke(Unknown Source)
at org.testng.internal.MethodInvocationHelper.invokeMethod(MethodInvocationHelper.java:84)
at org.testng.internal.Invoker.invokeMethod(Invoker.java:714)
at org.testng.internal.Invoker.invokeTestMethod(Invoker.java:901)
at org.testng.internal.Invoker.invokeTestMethods(Invoker.java:1231)
at org.testng.internal.TestMethodWorker.invokeTestMethods(TestMethodWorker.java:127)
at org.testng.internal.TestMethodWorker.run(TestMethodWorker.java:111)
at org.testng.TestRunner.privateRun(TestRunner.java:767)
at org.testng.TestRunner.run(TestRunner.java:617)
at org.testng.SuiteRunner.runTest(SuiteRunner.java:334)
at org.testng.SuiteRunner.runSequentially(SuiteRunner.java:329)
at org.testng.SuiteRunner.privateRun(SuiteRunner.java:291)
at org.testng.SuiteRunner.run(SuiteRunner.java:240)
at org.testng.SuiteRunnerWorker.runSuite(SuiteRunnerWorker.java:52)
at org.testng.SuiteRunnerWorker.run(SuiteRunnerWorker.java:86)
at org.testng.TestNG.runSuitesSequentially(TestNG.java:1224)
at org.testng.TestNG.runSuitesLocally(TestNG.java:1149)
at org.testng.TestNG.run(TestNG.java:1057)
at org.testng.remote.RemoteTestNG.run(RemoteTestNG.java:111)
[...]
            </line>
            <line>
              <![CDATA[test##23/06/2015 16:13:37##Looking for the page loading element]]>
            </line>
            <line>
              <![CDATA[test##23/06/2015 16:13:37##Page loaded.]]>
            </line>
            <line>
              <![CDATA[test##23/06/2015 16:13:37##Looking for the page loading element]]>
            </line>
            <line>
              <![CDATA[test##23/06/2015 16:13:37##Page loaded.]]>
            </line>
            <line>
              <![CDATA[pass##23/06/2015 16:13:37##Expand node 'emnos' from tree {dataManagement.attributes.tree}]]>
            </line>
            <line>
              <![CDATA[pass##23/06/2015 16:13:38##Click on {expand icon for node emnos}]]>
            </line>
            <line>
              <![CDATA[test##23/06/2015 16:13:38##Looking for the page loading element]]>
            </line>
            <line>
              <![CDATA[test##23/06/2015 16:13:38##Page loaded.]]>
            </line>
            <line>
              <![CDATA[test##23/06/2015 16:13:38##Looking for the page loading element]]>
            </line>
            <line>
              <![CDATA[test##23/06/2015 16:13:38##Page loaded.]]>
            </line>
            <line>
              <![CDATA[pass##23/06/2015 16:13:38##Verify node 'ATTRIBUTEINTEGER23062015160844498' is not displayed under parent 'emnos' from tree {dataManagement.attributes.tree}]]>
            </line>
            <line>
              <![CDATA[pass##23/06/2015 16:13:40##Click Next in pager {pager}]]>
            </line>
            <line>
              <![CDATA[test##23/06/2015 16:13:40##Looking for the page loading element]]>
            </line>
            <line>
              <![CDATA[test##23/06/2015 16:13:40##Page loaded.]]>
            </line>
            <line>
              <![CDATA[test##23/06/2015 16:13:40##Looking for the page loading element]]>
            </line>
            <line>
              <![CDATA[test##23/06/2015 16:13:40##Page loaded.]]>
            </line>
            <line>
              <![CDATA[pass##23/06/2015 16:13:41##Click Next in pager {pager}]]>
            </line>
            <line>
              <![CDATA[test##23/06/2015 16:13:41##Looking for the page loading element]]>
            </line>
            <line>
              <![CDATA[test##23/06/2015 16:13:41##Page loaded.]]>
            </line>
            <line>
              <![CDATA[test##23/06/2015 16:13:42##Looking for the page loading element]]>
            </line>
            <line>
              <![CDATA[test##23/06/2015 16:13:42##Page loaded.]]>
            </line>
            <line>
              <![CDATA[pass##23/06/2015 16:13:43##Click Next in pager {pager}]]>
            </line>
            <line>
              <![CDATA[test##23/06/2015 16:13:43##Looking for the page loading element]]>
            </line>
            <line>
              <![CDATA[test##23/06/2015 16:13:43##Page loaded.]]>
            </line>
            <line>
              <![CDATA[test##23/06/2015 16:13:43##Looking for the page loading element]]>
            </line>
            <line>
              <![CDATA[test##23/06/2015 16:13:43##Page loaded.]]>
            </line>
            <line>
              <![CDATA[pass##23/06/2015 16:13:44##Click Next in pager {pager}]]>
            </line>
            <line>
              <![CDATA[test##23/06/2015 16:13:44##Looking for the page loading element]]>
            </line>
            <line>
              <![CDATA[test##23/06/2015 16:13:44##Page loaded.]]>
            </line>
            <line>
              <![CDATA[test##23/06/2015 16:13:45##Looking for the page loading element]]>
            </line>
            <line>
              <![CDATA[test##23/06/2015 16:13:45##Page loaded.]]>
            </line>
            <line>
              <![CDATA[pass##23/06/2015 16:13:45##Click Next in pager {pager}]]>
            </line>
            <line>
              <![CDATA[test##23/06/2015 16:13:45##Looking for the page loading element]]>
            </line>
            <line>
              <![CDATA[test##23/06/2015 16:13:45##Page loaded.]]>
            </line>
            <line>
              <![CDATA[test##23/06/2015 16:13:46##Looking for the page loading element]]>
            </line>
            <line>
              <![CDATA[test##23/06/2015 16:13:46##Page loaded.]]>
            </line>
            <line>
              <![CDATA[pass##23/06/2015 16:13:47##Click Next in pager {pager}]]>
            </line>
            <line>
              <![CDATA[test##23/06/2015 16:13:47##Looking for the page loading element]]>
            </line>
            <line>
              <![CDATA[test##23/06/2015 16:13:47##Page loaded.]]>
            </line>
            <line>
              <![CDATA[test##23/06/2015 16:13:47##Looking for the page loading element]]>
            </line>
            <line>
              <![CDATA[test##23/06/2015 16:13:47##Page loaded.]]>
            </line>
            <line>
              <![CDATA[pass##23/06/2015 16:13:48##Click Next in pager {pager}]]>
            </line>
            <line>
              <![CDATA[test##23/06/2015 16:13:48##Looking for the page loading element]]>
            </line>
            <line>
              <![CDATA[test##23/06/2015 16:13:48##Page loaded.]]>
            </line>
            <line>
              <![CDATA[test##23/06/2015 16:13:49##Looking for the page loading element]]>
            </line>
            <line>
              <![CDATA[test##23/06/2015 16:13:49##Page loaded.]]>
            </line>
            <line>
              <![CDATA[pass##23/06/2015 16:13:50##Click Next in pager {pager}]]>
            </line>
            <line>
              <![CDATA[test##23/06/2015 16:13:50##Looking for the page loading element]]>
            </line>
            <line>
              <![CDATA[test##23/06/2015 16:13:50##Page loaded.]]>
            </line>
            <line>
              <![CDATA[test##23/06/2015 16:13:50##Looking for the page loading element]]>
            </line>
            <line>
              <![CDATA[test##23/06/2015 16:13:50##Page loaded.]]>
            </line>
            <line>
              <![CDATA[pass##23/06/2015 16:13:51##Click Next in pager {pager}]]>
            </line>
            <line>
              <![CDATA[test##23/06/2015 16:13:51##Looking for the page loading element]]>
            </line>
            <line>
              <![CDATA[test##23/06/2015 16:13:51##Page loaded.]]>
            </line>
            <line>
              <![CDATA[test##23/06/2015 16:13:52##Looking for the page loading element]]>
            </line>
            <line>
              <![CDATA[test##23/06/2015 16:13:52##Page loaded.]]>
            </line>
            <line>
              <![CDATA[pass##23/06/2015 16:13:52##Click Next in pager {pager}]]>
            </line>
            <line>
              <![CDATA[test##23/06/2015 16:13:52##Looking for the page loading element]]>
            </line>
            <line>
              <![CDATA[test##23/06/2015 16:13:52##Page loaded.]]>
            </line>
            <line>
              <![CDATA[test##23/06/2015 16:13:53##Looking for the page loading element]]>
            </line>
            <line>
              <![CDATA[test##23/06/2015 16:13:53##Page loaded.]]>
            </line>
            <line>
              <![CDATA[info##23/06/2015 16:13:54##Step : 65 - Delete attribute]]>
            </line>
            <line>
              <![CDATA[pass##23/06/2015 16:13:54##Expand node 'emnos' from tree {dataManagement.attributes.tree}]]>
            </line>
            <line>
              <![CDATA[pass##23/06/2015 16:13:54##Verify node 'ATTRIBUTEDATE23062015160844498' is displayed under parent 'emnos' from tree {dataManagement.attributes.tree}]]>
            </line>
            <line>
              <![CDATA[pass##23/06/2015 16:13:54##Expand node 'emnos' from tree {dataManagement.attributes.tree}]]>
            </line>
            <line>
              <![CDATA[pass##23/06/2015 16:13:55##Click First in pager {pager}]]>
            </line>
            <line>
              <![CDATA[test##23/06/2015 16:13:55##Looking for the page loading element]]>
            </line>
            <line>
              <![CDATA[test##23/06/2015 16:13:55##Page loaded.]]>
            </line>
            <line>
              <![CDATA[test##23/06/2015 16:13:55##Looking for the page loading element]]>
            </line>
            <line>
              <![CDATA[test##23/06/2015 16:13:55##Page loaded.]]>
            </line>
            <line>
              <![CDATA[pass##23/06/2015 16:13:56##Click Next in pager {pager}]]>
            </line>
            <line>
              <![CDATA[test##23/06/2015 16:13:56##Looking for the page loading element]]>
            </line>
            <line>
              <![CDATA[test##23/06/2015 16:13:56##Page loaded.]]>
            </line>
            <line>
              <![CDATA[test##23/06/2015 16:13:57##Looking for the page loading element]]>
            </line>
            <line>
              <![CDATA[test##23/06/2015 16:13:57##Page loaded.]]>
            </line>
            <line>
              <![CDATA[pass##23/06/2015 16:13:58##Click on {node 'ATTRIBUTEDATE23062015160844498' from tree {dataManagement.attributes.tree}}]]>
            </line>
            <line>
              <![CDATA[test##23/06/2015 16:13:58##Looking for the page loading element]]>
            </line>
            <line>
              <![CDATA[test##23/06/2015 16:13:58##Page loaded.]]>
            </line>
            <line>
              <![CDATA[test##23/06/2015 16:13:58##Looking for the page loading element]]>
            </line>
            <line>
              <![CDATA[test##23/06/2015 16:13:58##Page loaded.]]>
            </line>
            <line>
              <![CDATA[pass##23/06/2015 16:13:59##Click on {dataManagement.attributes.delete}]]>
            </line>
            <line>
              <![CDATA[test##23/06/2015 16:13:59##Looking for the page loading element]]>
            </line>
            <line>
              <![CDATA[test##23/06/2015 16:13:59##Page loaded.]]>
            </line>
            <line>
              <![CDATA[test##23/06/2015 16:14:00##Looking for the page loading element]]>
            </line>
            <line>
              <![CDATA[test##23/06/2015 16:14:00##Page loaded.]]>
            </line>
            <line>
              <![CDATA[pass##23/06/2015 16:14:00##Click on {dataManagement.attributes.deleteAttribute.ok}]]>
            </line>
            <line>
              <![CDATA[test##23/06/2015 16:14:00##Looking for the page loading element]]>
            </line>
            <line>
              <![CDATA[test##23/06/2015 16:14:00##Page loaded.]]>
            </line>
            <line>
              <![CDATA[test##23/06/2015 16:14:00##Looking for the page loading element]]>
            </line>
            <line>
              <![CDATA[test##23/06/2015 16:14:01##Page loaded.]]>
            </line>
            <line>
              <![CDATA[pass##23/06/2015 16:14:01##Expand node 'emnos' from tree {dataManagement.attributes.tree}]]>
            </line>
            <line>
              <![CDATA[pass##23/06/2015 16:14:01##Click on {expand icon for node emnos}]]>
            </line>
            <line>
              <![CDATA[test##23/06/2015 16:14:01##Looking for the page loading element]]>
            </line>
            <line>
              <![CDATA[test##23/06/2015 16:14:01##Page loaded.]]>
            </line>
            <line>
              <![CDATA[test##23/06/2015 16:14:01##Looking for the page loading element]]>
            </line>
            <line>
              <![CDATA[test##23/06/2015 16:14:01##Page loaded.]]>
            </line>
            <line>
              <![CDATA[pass##23/06/2015 16:14:01##Verify node 'ATTRIBUTEDATE23062015160844498' is not displayed under parent 'emnos' from tree {dataManagement.attributes.tree}]]>
            </line>
            <line>
              <![CDATA[pass##23/06/2015 16:14:03##Click Next in pager {pager}]]>
            </line>
            <line>
              <![CDATA[test##23/06/2015 16:14:03##Looking for the page loading element]]>
            </line>
            <line>
              <![CDATA[test##23/06/2015 16:14:03##Page loaded.]]>
            </line>
            <line>
              <![CDATA[test##23/06/2015 16:14:03##Looking for the page loading element]]>
            </line>
            <line>
              <![CDATA[test##23/06/2015 16:14:03##Page loaded.]]>
            </line>
            <line>
              <![CDATA[pass##23/06/2015 16:14:04##Click Next in pager {pager}]]>
            </line>
            <line>
              <![CDATA[test##23/06/2015 16:14:04##Looking for the page loading element]]>
            </line>
            <line>
              <![CDATA[test##23/06/2015 16:14:04##Page loaded.]]>
            </line>
            <line>
              <![CDATA[test##23/06/2015 16:14:05##Looking for the page loading element]]>
            </line>
            <line>
              <![CDATA[test##23/06/2015 16:14:05##Page loaded.]]>
            </line>
            <line>
              <![CDATA[pass##23/06/2015 16:14:06##Click Next in pager {pager}]]>
            </line>
            <line>
              <![CDATA[test##23/06/2015 16:14:06##Looking for the page loading element]]>
            </line>
            <line>
              <![CDATA[test##23/06/2015 16:14:06##Page loaded.]]>
            </line>
            <line>
              <![CDATA[test##23/06/2015 16:14:06##Looking for the page loading element]]>
            </line>
            <line>
              <![CDATA[test##23/06/2015 16:14:06##Page loaded.]]>
            </line>
            <line>
              <![CDATA[pass##23/06/2015 16:14:07##Click Next in pager {pager}]]>
            </line>
            <line>
              <![CDATA[test##23/06/2015 16:14:07##Looking for the page loading element]]>
            </line>
            <line>
              <![CDATA[test##23/06/2015 16:14:07##Page loaded.]]>
            </line>
            <line>
              <![CDATA[test##23/06/2015 16:14:08##Looking for the page loading element]]>
            </line>
            <line>
              <![CDATA[test##23/06/2015 16:14:08##Page loaded.]]>
            </line>
            <line>
              <![CDATA[pass##23/06/2015 16:14:08##Click Next in pager {pager}]]>
            </line>
            <line>
              <![CDATA[test##23/06/2015 16:14:08##Looking for the page loading element]]>
            </line>
            <line>
              <![CDATA[test##23/06/2015 16:14:08##Page loaded.]]>
            </line>
            <line>
              <![CDATA[test##23/06/2015 16:14:09##Looking for the page loading element]]>
            </line>
            <line>
              <![CDATA[test##23/06/2015 16:14:09##Page loaded.]]>
            </line>
            <line>
              <![CDATA[pass##23/06/2015 16:14:10##Click Next in pager {pager}]]>
            </line>
            <line>
              <![CDATA[test##23/06/2015 16:14:10##Looking for the page loading element]]>
            </line>
            <line>
              <![CDATA[test##23/06/2015 16:14:10##Page loaded.]]>
            </line>
            <line>
              <![CDATA[test##23/06/2015 16:14:10##Looking for the page loading element]]>
            </line>
            <line>
              <![CDATA[test##23/06/2015 16:14:10##Page loaded.]]>
            </line>
            <line>
              <![CDATA[pass##23/06/2015 16:14:11##Click Next in pager {pager}]]>
            </line>
            <line>
              <![CDATA[test##23/06/2015 16:14:11##Looking for the page loading element]]>
            </line>
            <line>
              <![CDATA[test##23/06/2015 16:14:11##Page loaded.]]>
            </line>
            <line>
              <![CDATA[test##23/06/2015 16:14:12##Looking for the page loading element]]>
            </line>
            <line>
              <![CDATA[test##23/06/2015 16:14:12##Page loaded.]]>
            </line>
            <line>
              <![CDATA[pass##23/06/2015 16:14:13##Click Next in pager {pager}]]>
            </line>
            <line>
              <![CDATA[test##23/06/2015 16:14:13##Looking for the page loading element]]>
            </line>
            <line>
              <![CDATA[test##23/06/2015 16:14:13##Page loaded.]]>
            </line>
            <line>
              <![CDATA[test##23/06/2015 16:14:13##Looking for the page loading element]]>
            </line>
            <line>
              <![CDATA[test##23/06/2015 16:14:13##Page loaded.]]>
            </line>
            <line>
              <![CDATA[pass##23/06/2015 16:14:14##Click Next in pager {pager}]]>
            </line>
            <line>
              <![CDATA[test##23/06/2015 16:14:14##Looking for the page loading element]]>
            </line>
            <line>
              <![CDATA[test##23/06/2015 16:14:14##Page loaded.]]>
            </line>
            <line>
              <![CDATA[test##23/06/2015 16:14:15##Looking for the page loading element]]>
            </line>
            <line>
              <![CDATA[test##23/06/2015 16:14:15##Page loaded.]]>
            </line>
            <line>
              <![CDATA[pass##23/06/2015 16:14:16##Click Next in pager {pager}]]>
            </line>
            <line>
              <![CDATA[test##23/06/2015 16:14:16##Looking for the page loading element]]>
            </line>
            <line>
              <![CDATA[test##23/06/2015 16:14:16##Page loaded.]]>
            </line>
            <line>
              <![CDATA[test##23/06/2015 16:14:16##Looking for the page loading element]]>
            </line>
            <line>
              <![CDATA[test##23/06/2015 16:14:16##Page loaded.]]>
            </line>
            <line>
              <![CDATA[info##23/06/2015 16:14:17##Step : 66 - Logout]]>
            </line>
            <line>
              <![CDATA[pass##23/06/2015 16:14:17##Click on {greyBar.logout}]]>
            </line>
            <line>
              <![CDATA[test##23/06/2015 16:14:17##Looking for the page loading element]]>
            </line>
            <line>
              <![CDATA[test##23/06/2015 16:14:17##Page loaded.]]>
            </line>
            <line>
              <![CDATA[test##23/06/2015 16:14:18##Looking for the page loading element]]>
            </line>
            <line>
              <![CDATA[test##23/06/2015 16:14:18##Page loaded.]]>
            </line>
            <line>
              <![CDATA[pass##23/06/2015 16:14:18##Verify {login.signIn} is displayed.]]>
            </line>
          </reporter-output>
        </test-method> <!-- tearDownTest -->
        <test-method status="PASS" signature="tearDownTestClass()[pri:0, instance:com.emnos.portalTests.dataManagement.workflows.product.attributes.MIG_18752_WF_DMT_PROD_AttributesWorkflow@5dd308e3]" name="tearDownTestClass" is-config="true" duration-ms="1149" started-at="2015-06-23T16:14:18Z" finished-at="2015-06-23T16:14:19Z">
          <reporter-output>
            <line>
              <![CDATA[pass##23/06/2015 16:14:18##Close browsers]]>
            </line>
          </reporter-output>
        </test-method> <!-- tearDownTestClass -->
        <test-method status="PASS" signature="tearDownSuite()[pri:0, instance:com.emnos.portalTests.dataManagement.workflows.product.attributes.MIG_18752_WF_DMT_PROD_AttributesWorkflow@5dd308e3]" name="tearDownSuite" is-config="true" duration-ms="0" started-at="2015-06-23T16:14:19Z" finished-at="2015-06-23T16:14:19Z">
          <reporter-output>
          </reporter-output>
        </test-method> <!-- tearDownSuite -->
      </class> <!-- com.emnos.portalTests.dataManagement.workflows.product.attributes.MIG_18752_WF_DMT_PROD_AttributesWorkflow -->
    </test> <!-- Default test -->
  </suite> <!-- Default suite -->
</testng-results>
